#
# A fatal error has been detected by the Java Runtime Environment:
#
#  Internal Error (signature.cpp:53), pid=66339, tid=16899
#  fatal error: expecting (
#
# JRE version: OpenJDK Runtime Environment OpenLogic-OpenJDK (11.0.19+7) (build 11.0.19+7-adhoc.admin.jdk11u)
# Java VM: OpenJDK 64-Bit Server VM OpenLogic-OpenJDK (11.0.19+7-adhoc.admin.jdk11u, mixed mode, tiered, compressed oops, g1 gc, bsd-amd64)
# No core dump will be written. Core dumps have been disabled. To enable core dumping, try "ulimit -c unlimited" before starting Java again
#
# If you would like to submit a bug report, please visit:
#   https://techsupport.roguewave.com/
#

---------------  S U M M A R Y ------------

Command Line: -agentlib:jdwp=transport=dt_socket,suspend=y,address=localhost:58239 -ea -javaagent:/Applications/AnypointStudio 2.app/Contents/Eclipse/configuration/org.eclipse.osgi/232/0/.cp/lib/javaagent-shaded.jar -Dfile.encoding=UTF-8 org.eclipse.jdt.internal.junit.runner.RemoteTestRunner -version 3 -port 58238 -testLoaderClass org.eclipse.jdt.internal.junit4.runner.JUnit4TestLoader -loaderpluginname org.eclipse.jdt.junit4.runtime -testNameFile /var/folders/f4/nqfvj5dj0h3150ndvmdv717r0000gp/T/testNames8561679211377840043.txt

Host: MacBookPro16,1 x86_64 2400 MHz, 16 cores, 32G, Darwin 22.6.0
Time: Wed Oct 11 13:25:48 2023 IST elapsed time: 425.900647 seconds (0d 0h 7m 5s)

---------------  T H R E A D  ---------------

Current thread (0x00007fae08047800):  VMThread "VM Thread" [stack: 0x0000700001ca8000,0x0000700001da8000] [id=16899]

Stack: [0x0000700001ca8000,0x0000700001da8000],  sp=0x0000700001da6e90,  free space=1019k
Native frames: (J=compiled Java code, A=aot compiled Java code, j=interpreted, Vv=VM code, C=native code)
V  [libjvm.dylib+0x762c57]  VMError::report_and_die(int, char const*, char const*, __va_list_tag*, Thread*, unsigned char*, void*, void*, char const*, int, unsigned long)+0x60d
V  [libjvm.dylib+0x271a31]  report_fatal(VMErrorType, char const*, int, char const*, ...)+0xc0
V  [libjvm.dylib+0x6a8877]  SignatureIterator::expect(char)+0x3b
V  [libjvm.dylib+0x6a8d50]  SignatureIterator::iterate_returntype()+0x20
V  [libjvm.dylib+0x35f95f]  GenerateOopMap::do_method(int, int, int, int)+0x77
V  [libjvm.dylib+0x35e045]  GenerateOopMap::interp_bb(BasicBlock*)+0xdb
V  [libjvm.dylib+0x35dd2e]  GenerateOopMap::interp_all()+0x3c
V  [libjvm.dylib+0x35d9df]  GenerateOopMap::do_interpretation()+0x4b
V  [libjvm.dylib+0x360143]  GenerateOopMap::compute_map(Thread*)+0x165
V  [libjvm.dylib+0x6144e6]  OopMapForCacheEntry::compute_map(Thread*)+0x54
V  [libjvm.dylib+0x614ccc]  OopMapCacheEntry::fill(methodHandle const&, int)+0xac
V  [libjvm.dylib+0x6155fd]  OopMapCache::compute_one_oop_map(methodHandle const&, int, InterpreterOopMap*)+0x5d
V  [libjvm.dylib+0x5d944e]  Method::mask_for(int, InterpreterOopMap*)+0x7e
V  [libjvm.dylib+0x4df125]  VM_GetOrSetLocal::doit()+0x45
V  [libjvm.dylib+0x7648b3]  VM_Operation::evaluate()+0xd5
V  [libjvm.dylib+0x76cb24]  VMThread::evaluate_operation(VM_Operation*)+0x13a
V  [libjvm.dylib+0x76c50a]  VMThread::loop()+0x106
V  [libjvm.dylib+0x76c317]  VMThread::run()+0x6f
V  [libjvm.dylib+0x718800]  Thread::call_run()+0x68
V  [libjvm.dylib+0x61decc]  thread_native_entry(Thread*)+0x125
C  [libsystem_pthread.dylib+0x61d3]  _pthread_start+0x7d
C  [libsystem_pthread.dylib+0x1bd3]  thread_start+0xf

VM_Operation (0x00007000027c8a60): GetOrSetLocal, mode: safepoint, requested by thread 0x00007fae3f85a000


---------------  P R O C E S S  ---------------

Threads class SMR info:
_java_thread_list=0x0000600000466420, length=15, elements={
0x00007fae3f813000, 0x00007fae1f00f800, 0x00007fae1f011000, 0x00007fae3f84d000,
0x00007fae3f857800, 0x00007fadff017800, 0x00007fae3f858000, 0x00007fae3f00c000,
0x00007fadcf00a800, 0x00007fae3f85a000, 0x00007fae1f83b000, 0x00007fadef1fa800,
0x00007fae3f141800, 0x00007fae3fc09000, 0x00007fae3f869800
}

Java Threads: ( => current thread )
  0x00007fae3f813000 JavaThread "main" [_thread_blocked, id=8451, stack(0x0000700001696000,0x0000700001796000)]
  0x00007fae1f00f800 JavaThread "Reference Handler" daemon [_thread_blocked, id=17155, stack(0x0000700001dab000,0x0000700001eab000)]
  0x00007fae1f011000 JavaThread "Finalizer" daemon [_thread_blocked, id=17667, stack(0x0000700001eae000,0x0000700001fae000)]
  0x00007fae3f84d000 JavaThread "Signal Dispatcher" daemon [_thread_blocked, id=32515, stack(0x00007000020b7000,0x00007000021b7000)]
  0x00007fae3f857800 JavaThread "Service Thread" daemon [_thread_blocked, id=32003, stack(0x00007000021ba000,0x00007000022ba000)]
  0x00007fadff017800 JavaThread "C2 CompilerThread0" daemon [_thread_blocked, id=31491, stack(0x00007000022bd000,0x00007000023bd000)]
  0x00007fae3f858000 JavaThread "C1 CompilerThread0" daemon [_thread_blocked, id=31235, stack(0x00007000023c0000,0x00007000024c0000)]
  0x00007fae3f00c000 JavaThread "Sweeper thread" daemon [_thread_blocked, id=30467, stack(0x00007000024c3000,0x00007000025c3000)]
  0x00007fadcf00a800 JavaThread "Common-Cleaner" daemon [_thread_blocked, id=23555, stack(0x00007000025c6000,0x00007000026c6000)]
  0x00007fae3f85a000 JavaThread "JDWP Transport Listener: dt_socket" daemon [_thread_blocked, id=29955, stack(0x00007000026c9000,0x00007000027c9000)] _threads_hazard_ptr=0x0000600000466420
  0x00007fae1f83b000 JavaThread "JDWP Event Helper Thread" daemon [_thread_blocked, id=29443, stack(0x00007000027cc000,0x00007000028cc000)]
  0x00007fadef1fa800 JavaThread "JDWP Command Reader" daemon [_thread_in_native, id=28931, stack(0x00007000028cf000,0x00007000029cf000)]
  0x00007fae3f141800 JavaThread "ReaderThread" [_thread_in_native, id=41731, stack(0x00007000035f6000,0x00007000036f6000)]
  0x00007fae3fc09000 JavaThread "Log4j2-TF-1-AsyncLoggerConfig-1" daemon [_thread_blocked, id=41219, stack(0x00007000036f9000,0x00007000037f9000)]
  0x00007fae3f869800 JavaThread "Attach Listener" daemon [_thread_blocked, id=39683, stack(0x0000700003a29000,0x0000700003b29000)]

Other Threads:
=>0x00007fae08047800 VMThread "VM Thread" [stack: 0x0000700001ca8000,0x0000700001da8000] [id=16899]
  0x00007fae3f63d800 WatcherThread [stack: 0x00007000034f3000,0x00007000035f3000] [id=42499]
  0x00007fadff008800 GCTaskThread "GC Thread#0" [stack: 0x0000700001799000,0x0000700001899000] [id=12035]
  0x00007fae3f42f000 GCTaskThread "GC Thread#1" [stack: 0x00007000029d2000,0x0000700002ad2000] [id=28675]
  0x00007fadff20b000 GCTaskThread "GC Thread#2" [stack: 0x0000700002ad5000,0x0000700002bd5000] [id=28163]
  0x00007fae3f430000 GCTaskThread "GC Thread#3" [stack: 0x0000700002bd8000,0x0000700002cd8000] [id=24835]
  0x00007fae3f430800 GCTaskThread "GC Thread#4" [stack: 0x0000700002cdb000,0x0000700002ddb000] [id=25091]
  0x00007fadef239000 GCTaskThread "GC Thread#5" [stack: 0x0000700002dde000,0x0000700002ede000] [id=25603]
  0x00007fadff076000 GCTaskThread "GC Thread#6" [stack: 0x0000700002ee1000,0x0000700002fe1000] [id=27395]
  0x00007fadff022000 GCTaskThread "GC Thread#7" [stack: 0x0000700002fe4000,0x00007000030e4000] [id=27139]
  0x00007fae3f431800 GCTaskThread "GC Thread#8" [stack: 0x00007000030e7000,0x00007000031e7000] [id=26627]
  0x00007fae1f3f1800 GCTaskThread "GC Thread#9" [stack: 0x00007000031ea000,0x00007000032ea000] [id=32771]
  0x00007fadff023000 GCTaskThread "GC Thread#10" [stack: 0x00007000032ed000,0x00007000033ed000] [id=43011]
  0x00007fae08056000 GCTaskThread "GC Thread#11" [stack: 0x00007000033f0000,0x00007000034f0000] [id=33283]
  0x00007fae3f816000 ConcurrentGCThread "G1 Main Marker" [stack: 0x000070000189c000,0x000070000199c000] [id=12291]
  0x00007fae1f80d800 ConcurrentGCThread "G1 Conc#0" [stack: 0x000070000199f000,0x0000700001a9f000] [id=14339]
  0x00007fadef613800 ConcurrentGCThread "G1 Conc#1" [stack: 0x00007000037fc000,0x00007000038fc000] [id=40963]
  0x00007fae1fb9a800 ConcurrentGCThread "G1 Conc#2" [stack: 0x00007000038ff000,0x00007000039ff000] [id=34307]
  0x00007fadef13c800 ConcurrentGCThread "G1 Refine#0" [stack: 0x0000700001aa2000,0x0000700001ba2000] [id=13827]
  0x00007fae08008800 ConcurrentGCThread "G1 Young RemSet Sampling" [stack: 0x0000700001ba5000,0x0000700001ca5000] [id=12547]

Threads with active compile tasks:

VM state:at safepoint (normal execution)

VM Mutex/Monitor currently owned by a thread:  ([mutex/lock_event])
[0x0000600002b65d80] Threads_lock - owner thread: 0x00007fae08047800

Heap address: 0x0000000600000000, size: 8192 MB, Compressed Oops mode: Zero based, Oop shift amount: 3
Narrow klass base: 0x0000000800000000, Narrow klass shift: 0
Compressed class space size: 1073741824 Address: 0x0000000800000000

Heap:
 garbage-first heap   total 524288K, used 111869K [0x0000000600000000, 0x0000000800000000)
  region size 2048K, 43 young (88064K), 4 survivors (8192K)
 Metaspace       used 31715K, capacity 32216K, committed 32640K, reserved 1077248K
  class space    used 3777K, capacity 3958K, committed 3968K, reserved 1048576K
Heap Regions: E=young(eden), S=young(survivor), O=old, HS=humongous(starts), HC=humongous(continues), CS=collection set, F=free, A=archive, TAMS=top-at-mark-start (previous, next)
|   0|0x0000000600000000, 0x0000000600200000, 0x0000000600200000|100%|HS|  |TAMS 0x0000000600200000, 0x0000000600000000| Complete 
|   1|0x0000000600200000, 0x0000000600400000, 0x0000000600400000|100%| O|  |TAMS 0x0000000600400000, 0x0000000600200000| Untracked 
|   2|0x0000000600400000, 0x0000000600600000, 0x0000000600600000|100%| O|  |TAMS 0x0000000600600000, 0x0000000600400000| Untracked 
|   3|0x0000000600600000, 0x0000000600800000, 0x0000000600800000|100%| O|  |TAMS 0x0000000600800000, 0x0000000600600000| Untracked 
|   4|0x0000000600800000, 0x0000000600a00000, 0x0000000600a00000|100%| O|  |TAMS 0x0000000600a00000, 0x0000000600800000| Untracked 
|   5|0x0000000600a00000, 0x0000000600c00000, 0x0000000600c00000|100%| O|  |TAMS 0x0000000600c00000, 0x0000000600a00000| Untracked 
|   6|0x0000000600c00000, 0x0000000600e00000, 0x0000000600e00000|100%| O|  |TAMS 0x0000000600e00000, 0x0000000600c00000| Untracked 
|   7|0x0000000600e00000, 0x0000000601000000, 0x0000000601000000|100%| O|  |TAMS 0x0000000601000000, 0x0000000600e00000| Untracked 
|   8|0x0000000601000000, 0x0000000601200000, 0x0000000601200000|100%| O|  |TAMS 0x0000000601200000, 0x0000000601000000| Untracked 
|   9|0x0000000601200000, 0x0000000601400000, 0x0000000601400000|100%| O|  |TAMS 0x0000000601400000, 0x0000000601200000| Untracked 
|  10|0x0000000601400000, 0x0000000601600000, 0x0000000601600000|100%| O|  |TAMS 0x0000000601600000, 0x0000000601400000| Untracked 
|  11|0x0000000601600000, 0x0000000601800000, 0x0000000601800000|100%| O|  |TAMS 0x0000000601800000, 0x0000000601600000| Untracked 
|  12|0x0000000601800000, 0x0000000601a00000, 0x0000000601a00000|100%| O|  |TAMS 0x0000000601a00000, 0x0000000601800000| Untracked 
|  13|0x0000000601a00000, 0x0000000601c00000, 0x0000000601c00000|100%| O|  |TAMS 0x0000000601c00000, 0x0000000601a00000| Untracked 
|  14|0x0000000601c00000, 0x0000000601d10e00, 0x0000000601e00000| 53%| O|  |TAMS 0x0000000601d10e00, 0x0000000601c00000| Untracked 
|  15|0x0000000601e00000, 0x0000000601e00000, 0x0000000602000000|  0%| F|  |TAMS 0x0000000601e00000, 0x0000000601e00000| Untracked 
|  16|0x0000000602000000, 0x0000000602000000, 0x0000000602200000|  0%| F|  |TAMS 0x0000000602000000, 0x0000000602000000| Untracked 
|  17|0x0000000602200000, 0x0000000602200000, 0x0000000602400000|  0%| F|  |TAMS 0x0000000602200000, 0x0000000602200000| Untracked 
|  18|0x0000000602400000, 0x0000000602400000, 0x0000000602600000|  0%| F|  |TAMS 0x0000000602400000, 0x0000000602400000| Untracked 
|  19|0x0000000602600000, 0x0000000602600000, 0x0000000602800000|  0%| F|  |TAMS 0x0000000602600000, 0x0000000602600000| Untracked 
|  20|0x0000000602800000, 0x0000000602800000, 0x0000000602a00000|  0%| F|  |TAMS 0x0000000602800000, 0x0000000602800000| Untracked 
|  21|0x0000000602a00000, 0x0000000602a00000, 0x0000000602c00000|  0%| F|  |TAMS 0x0000000602a00000, 0x0000000602a00000| Untracked 
|  22|0x0000000602c00000, 0x0000000602c00000, 0x0000000602e00000|  0%| F|  |TAMS 0x0000000602c00000, 0x0000000602c00000| Untracked 
|  23|0x0000000602e00000, 0x0000000602e00000, 0x0000000603000000|  0%| F|  |TAMS 0x0000000602e00000, 0x0000000602e00000| Untracked 
|  24|0x0000000603000000, 0x0000000603000000, 0x0000000603200000|  0%| F|  |TAMS 0x0000000603000000, 0x0000000603000000| Untracked 
|  25|0x0000000603200000, 0x0000000603200000, 0x0000000603400000|  0%| F|  |TAMS 0x0000000603200000, 0x0000000603200000| Untracked 
|  26|0x0000000603400000, 0x0000000603400000, 0x0000000603600000|  0%| F|  |TAMS 0x0000000603400000, 0x0000000603400000| Untracked 
|  27|0x0000000603600000, 0x0000000603600000, 0x0000000603800000|  0%| F|  |TAMS 0x0000000603600000, 0x0000000603600000| Untracked 
|  28|0x0000000603800000, 0x0000000603800000, 0x0000000603a00000|  0%| F|  |TAMS 0x0000000603800000, 0x0000000603800000| Untracked 
|  29|0x0000000603a00000, 0x0000000603a00000, 0x0000000603c00000|  0%| F|  |TAMS 0x0000000603a00000, 0x0000000603a00000| Untracked 
|  30|0x0000000603c00000, 0x0000000603c00000, 0x0000000603e00000|  0%| F|  |TAMS 0x0000000603c00000, 0x0000000603c00000| Untracked 
|  31|0x0000000603e00000, 0x0000000603e00000, 0x0000000604000000|  0%| F|  |TAMS 0x0000000603e00000, 0x0000000603e00000| Untracked 
|  32|0x0000000604000000, 0x0000000604000000, 0x0000000604200000|  0%| F|  |TAMS 0x0000000604000000, 0x0000000604000000| Untracked 
|  33|0x0000000604200000, 0x0000000604200000, 0x0000000604400000|  0%| F|  |TAMS 0x0000000604200000, 0x0000000604200000| Untracked 
|  34|0x0000000604400000, 0x0000000604400000, 0x0000000604600000|  0%| F|  |TAMS 0x0000000604400000, 0x0000000604400000| Untracked 
|  35|0x0000000604600000, 0x0000000604600000, 0x0000000604800000|  0%| F|  |TAMS 0x0000000604600000, 0x0000000604600000| Untracked 
|  36|0x0000000604800000, 0x0000000604800000, 0x0000000604a00000|  0%| F|  |TAMS 0x0000000604800000, 0x0000000604800000| Untracked 
|  37|0x0000000604a00000, 0x0000000604a00000, 0x0000000604c00000|  0%| F|  |TAMS 0x0000000604a00000, 0x0000000604a00000| Untracked 
|  38|0x0000000604c00000, 0x0000000604c00000, 0x0000000604e00000|  0%| F|  |TAMS 0x0000000604c00000, 0x0000000604c00000| Untracked 
|  39|0x0000000604e00000, 0x0000000604e00000, 0x0000000605000000|  0%| F|  |TAMS 0x0000000604e00000, 0x0000000604e00000| Untracked 
|  40|0x0000000605000000, 0x0000000605000000, 0x0000000605200000|  0%| F|  |TAMS 0x0000000605000000, 0x0000000605000000| Untracked 
|  41|0x0000000605200000, 0x0000000605200000, 0x0000000605400000|  0%| F|  |TAMS 0x0000000605200000, 0x0000000605200000| Untracked 
|  42|0x0000000605400000, 0x0000000605400000, 0x0000000605600000|  0%| F|  |TAMS 0x0000000605400000, 0x0000000605400000| Untracked 
|  43|0x0000000605600000, 0x0000000605600000, 0x0000000605800000|  0%| F|  |TAMS 0x0000000605600000, 0x0000000605600000| Untracked 
|  44|0x0000000605800000, 0x0000000605800000, 0x0000000605a00000|  0%| F|  |TAMS 0x0000000605800000, 0x0000000605800000| Untracked 
|  45|0x0000000605a00000, 0x0000000605a00000, 0x0000000605c00000|  0%| F|  |TAMS 0x0000000605a00000, 0x0000000605a00000| Untracked 
|  46|0x0000000605c00000, 0x0000000605c00000, 0x0000000605e00000|  0%| F|  |TAMS 0x0000000605c00000, 0x0000000605c00000| Untracked 
|  47|0x0000000605e00000, 0x0000000605e00000, 0x0000000606000000|  0%| F|  |TAMS 0x0000000605e00000, 0x0000000605e00000| Untracked 
|  48|0x0000000606000000, 0x0000000606000000, 0x0000000606200000|  0%| F|  |TAMS 0x0000000606000000, 0x0000000606000000| Untracked 
|  49|0x0000000606200000, 0x0000000606200000, 0x0000000606400000|  0%| F|  |TAMS 0x0000000606200000, 0x0000000606200000| Untracked 
|  50|0x0000000606400000, 0x0000000606400000, 0x0000000606600000|  0%| F|  |TAMS 0x0000000606400000, 0x0000000606400000| Untracked 
|  51|0x0000000606600000, 0x0000000606600000, 0x0000000606800000|  0%| F|  |TAMS 0x0000000606600000, 0x0000000606600000| Untracked 
|  52|0x0000000606800000, 0x0000000606800000, 0x0000000606a00000|  0%| F|  |TAMS 0x0000000606800000, 0x0000000606800000| Untracked 
|  53|0x0000000606a00000, 0x0000000606a00000, 0x0000000606c00000|  0%| F|  |TAMS 0x0000000606a00000, 0x0000000606a00000| Untracked 
|  54|0x0000000606c00000, 0x0000000606c00000, 0x0000000606e00000|  0%| F|  |TAMS 0x0000000606c00000, 0x0000000606c00000| Untracked 
|  55|0x0000000606e00000, 0x0000000606e00000, 0x0000000607000000|  0%| F|  |TAMS 0x0000000606e00000, 0x0000000606e00000| Untracked 
|  56|0x0000000607000000, 0x0000000607000000, 0x0000000607200000|  0%| F|  |TAMS 0x0000000607000000, 0x0000000607000000| Untracked 
|  57|0x0000000607200000, 0x0000000607200000, 0x0000000607400000|  0%| F|  |TAMS 0x0000000607200000, 0x0000000607200000| Untracked 
|  58|0x0000000607400000, 0x0000000607400000, 0x0000000607600000|  0%| F|  |TAMS 0x0000000607400000, 0x0000000607400000| Untracked 
|  59|0x0000000607600000, 0x0000000607600000, 0x0000000607800000|  0%| F|  |TAMS 0x0000000607600000, 0x0000000607600000| Untracked 
|  60|0x0000000607800000, 0x0000000607800000, 0x0000000607a00000|  0%| F|  |TAMS 0x0000000607800000, 0x0000000607800000| Untracked 
|  61|0x0000000607a00000, 0x0000000607a00000, 0x0000000607c00000|  0%| F|  |TAMS 0x0000000607a00000, 0x0000000607a00000| Untracked 
|  62|0x0000000607c00000, 0x0000000607c00000, 0x0000000607e00000|  0%| F|  |TAMS 0x0000000607c00000, 0x0000000607c00000| Untracked 
|  63|0x0000000607e00000, 0x0000000607e00000, 0x0000000608000000|  0%| F|  |TAMS 0x0000000607e00000, 0x0000000607e00000| Untracked 
|  64|0x0000000608000000, 0x0000000608000000, 0x0000000608200000|  0%| F|  |TAMS 0x0000000608000000, 0x0000000608000000| Untracked 
|  65|0x0000000608200000, 0x0000000608200000, 0x0000000608400000|  0%| F|  |TAMS 0x0000000608200000, 0x0000000608200000| Untracked 
|  66|0x0000000608400000, 0x0000000608400000, 0x0000000608600000|  0%| F|  |TAMS 0x0000000608400000, 0x0000000608400000| Untracked 
|  67|0x0000000608600000, 0x0000000608600000, 0x0000000608800000|  0%| F|  |TAMS 0x0000000608600000, 0x0000000608600000| Untracked 
|  68|0x0000000608800000, 0x0000000608800000, 0x0000000608a00000|  0%| F|  |TAMS 0x0000000608800000, 0x0000000608800000| Untracked 
|  69|0x0000000608a00000, 0x0000000608a00000, 0x0000000608c00000|  0%| F|  |TAMS 0x0000000608a00000, 0x0000000608a00000| Untracked 
|  70|0x0000000608c00000, 0x0000000608c00000, 0x0000000608e00000|  0%| F|  |TAMS 0x0000000608c00000, 0x0000000608c00000| Untracked 
|  71|0x0000000608e00000, 0x0000000608e00000, 0x0000000609000000|  0%| F|  |TAMS 0x0000000608e00000, 0x0000000608e00000| Untracked 
|  72|0x0000000609000000, 0x0000000609000000, 0x0000000609200000|  0%| F|  |TAMS 0x0000000609000000, 0x0000000609000000| Untracked 
|  73|0x0000000609200000, 0x0000000609200000, 0x0000000609400000|  0%| F|  |TAMS 0x0000000609200000, 0x0000000609200000| Untracked 
|  74|0x0000000609400000, 0x0000000609400000, 0x0000000609600000|  0%| F|  |TAMS 0x0000000609400000, 0x0000000609400000| Untracked 
|  75|0x0000000609600000, 0x0000000609600000, 0x0000000609800000|  0%| F|  |TAMS 0x0000000609600000, 0x0000000609600000| Untracked 
|  76|0x0000000609800000, 0x0000000609800000, 0x0000000609a00000|  0%| F|  |TAMS 0x0000000609800000, 0x0000000609800000| Untracked 
|  77|0x0000000609a00000, 0x0000000609a00000, 0x0000000609c00000|  0%| F|  |TAMS 0x0000000609a00000, 0x0000000609a00000| Untracked 
|  78|0x0000000609c00000, 0x0000000609c00000, 0x0000000609e00000|  0%| F|  |TAMS 0x0000000609c00000, 0x0000000609c00000| Untracked 
|  79|0x0000000609e00000, 0x0000000609e00000, 0x000000060a000000|  0%| F|  |TAMS 0x0000000609e00000, 0x0000000609e00000| Untracked 
|  80|0x000000060a000000, 0x000000060a000000, 0x000000060a200000|  0%| F|  |TAMS 0x000000060a000000, 0x000000060a000000| Untracked 
|  81|0x000000060a200000, 0x000000060a200000, 0x000000060a400000|  0%| F|  |TAMS 0x000000060a200000, 0x000000060a200000| Untracked 
|  82|0x000000060a400000, 0x000000060a400000, 0x000000060a600000|  0%| F|  |TAMS 0x000000060a400000, 0x000000060a400000| Untracked 
|  83|0x000000060a600000, 0x000000060a600000, 0x000000060a800000|  0%| F|  |TAMS 0x000000060a600000, 0x000000060a600000| Untracked 
|  84|0x000000060a800000, 0x000000060a800000, 0x000000060aa00000|  0%| F|  |TAMS 0x000000060a800000, 0x000000060a800000| Untracked 
|  85|0x000000060aa00000, 0x000000060aa00000, 0x000000060ac00000|  0%| F|  |TAMS 0x000000060aa00000, 0x000000060aa00000| Untracked 
|  86|0x000000060ac00000, 0x000000060ac00000, 0x000000060ae00000|  0%| F|  |TAMS 0x000000060ac00000, 0x000000060ac00000| Untracked 
|  87|0x000000060ae00000, 0x000000060ae00000, 0x000000060b000000|  0%| F|  |TAMS 0x000000060ae00000, 0x000000060ae00000| Untracked 
|  88|0x000000060b000000, 0x000000060b000000, 0x000000060b200000|  0%| F|  |TAMS 0x000000060b000000, 0x000000060b000000| Untracked 
|  89|0x000000060b200000, 0x000000060b200000, 0x000000060b400000|  0%| F|  |TAMS 0x000000060b200000, 0x000000060b200000| Untracked 
|  90|0x000000060b400000, 0x000000060b400000, 0x000000060b600000|  0%| F|  |TAMS 0x000000060b400000, 0x000000060b400000| Untracked 
|  91|0x000000060b600000, 0x000000060b600000, 0x000000060b800000|  0%| F|  |TAMS 0x000000060b600000, 0x000000060b600000| Untracked 
|  92|0x000000060b800000, 0x000000060b800000, 0x000000060ba00000|  0%| F|  |TAMS 0x000000060b800000, 0x000000060b800000| Untracked 
|  93|0x000000060ba00000, 0x000000060ba00000, 0x000000060bc00000|  0%| F|  |TAMS 0x000000060ba00000, 0x000000060ba00000| Untracked 
|  94|0x000000060bc00000, 0x000000060bc00000, 0x000000060be00000|  0%| F|  |TAMS 0x000000060bc00000, 0x000000060bc00000| Untracked 
|  95|0x000000060be00000, 0x000000060be00000, 0x000000060c000000|  0%| F|  |TAMS 0x000000060be00000, 0x000000060be00000| Untracked 
|  96|0x000000060c000000, 0x000000060c000000, 0x000000060c200000|  0%| F|  |TAMS 0x000000060c000000, 0x000000060c000000| Untracked 
|  97|0x000000060c200000, 0x000000060c200000, 0x000000060c400000|  0%| F|  |TAMS 0x000000060c200000, 0x000000060c200000| Untracked 
|  98|0x000000060c400000, 0x000000060c400000, 0x000000060c600000|  0%| F|  |TAMS 0x000000060c400000, 0x000000060c400000| Untracked 
|  99|0x000000060c600000, 0x000000060c600000, 0x000000060c800000|  0%| F|  |TAMS 0x000000060c600000, 0x000000060c600000| Untracked 
| 100|0x000000060c800000, 0x000000060c800000, 0x000000060ca00000|  0%| F|  |TAMS 0x000000060c800000, 0x000000060c800000| Untracked 
| 101|0x000000060ca00000, 0x000000060ca00000, 0x000000060cc00000|  0%| F|  |TAMS 0x000000060ca00000, 0x000000060ca00000| Untracked 
| 102|0x000000060cc00000, 0x000000060cc00000, 0x000000060ce00000|  0%| F|  |TAMS 0x000000060cc00000, 0x000000060cc00000| Untracked 
| 103|0x000000060ce00000, 0x000000060ce00000, 0x000000060d000000|  0%| F|  |TAMS 0x000000060ce00000, 0x000000060ce00000| Untracked 
| 104|0x000000060d000000, 0x000000060d000000, 0x000000060d200000|  0%| F|  |TAMS 0x000000060d000000, 0x000000060d000000| Untracked 
| 105|0x000000060d200000, 0x000000060d200000, 0x000000060d400000|  0%| F|  |TAMS 0x000000060d200000, 0x000000060d200000| Untracked 
| 106|0x000000060d400000, 0x000000060d400000, 0x000000060d600000|  0%| F|  |TAMS 0x000000060d400000, 0x000000060d400000| Untracked 
| 107|0x000000060d600000, 0x000000060d600000, 0x000000060d800000|  0%| F|  |TAMS 0x000000060d600000, 0x000000060d600000| Untracked 
| 108|0x000000060d800000, 0x000000060d800000, 0x000000060da00000|  0%| F|  |TAMS 0x000000060d800000, 0x000000060d800000| Untracked 
| 109|0x000000060da00000, 0x000000060da00000, 0x000000060dc00000|  0%| F|  |TAMS 0x000000060da00000, 0x000000060da00000| Untracked 
| 110|0x000000060dc00000, 0x000000060dc00000, 0x000000060de00000|  0%| F|  |TAMS 0x000000060dc00000, 0x000000060dc00000| Untracked 
| 111|0x000000060de00000, 0x000000060de00000, 0x000000060e000000|  0%| F|  |TAMS 0x000000060de00000, 0x000000060de00000| Untracked 
| 112|0x000000060e000000, 0x000000060e000000, 0x000000060e200000|  0%| F|  |TAMS 0x000000060e000000, 0x000000060e000000| Untracked 
| 113|0x000000060e200000, 0x000000060e200000, 0x000000060e400000|  0%| F|  |TAMS 0x000000060e200000, 0x000000060e200000| Untracked 
| 114|0x000000060e400000, 0x000000060e400000, 0x000000060e600000|  0%| F|  |TAMS 0x000000060e400000, 0x000000060e400000| Untracked 
| 115|0x000000060e600000, 0x000000060e600000, 0x000000060e800000|  0%| F|  |TAMS 0x000000060e600000, 0x000000060e600000| Untracked 
| 116|0x000000060e800000, 0x000000060e800000, 0x000000060ea00000|  0%| F|  |TAMS 0x000000060e800000, 0x000000060e800000| Untracked 
| 117|0x000000060ea00000, 0x000000060ea00000, 0x000000060ec00000|  0%| F|  |TAMS 0x000000060ea00000, 0x000000060ea00000| Untracked 
| 118|0x000000060ec00000, 0x000000060ec00000, 0x000000060ee00000|  0%| F|  |TAMS 0x000000060ec00000, 0x000000060ec00000| Untracked 
| 119|0x000000060ee00000, 0x000000060ee00000, 0x000000060f000000|  0%| F|  |TAMS 0x000000060ee00000, 0x000000060ee00000| Untracked 
| 120|0x000000060f000000, 0x000000060f000000, 0x000000060f200000|  0%| F|  |TAMS 0x000000060f000000, 0x000000060f000000| Untracked 
| 121|0x000000060f200000, 0x000000060f200000, 0x000000060f400000|  0%| F|  |TAMS 0x000000060f200000, 0x000000060f200000| Untracked 
| 122|0x000000060f400000, 0x000000060f400000, 0x000000060f600000|  0%| F|  |TAMS 0x000000060f400000, 0x000000060f400000| Untracked 
| 123|0x000000060f600000, 0x000000060f600000, 0x000000060f800000|  0%| F|  |TAMS 0x000000060f600000, 0x000000060f600000| Untracked 
| 124|0x000000060f800000, 0x000000060f800000, 0x000000060fa00000|  0%| F|  |TAMS 0x000000060f800000, 0x000000060f800000| Untracked 
| 125|0x000000060fa00000, 0x000000060fa00000, 0x000000060fc00000|  0%| F|  |TAMS 0x000000060fa00000, 0x000000060fa00000| Untracked 
| 126|0x000000060fc00000, 0x000000060fc00000, 0x000000060fe00000|  0%| F|  |TAMS 0x000000060fc00000, 0x000000060fc00000| Untracked 
| 127|0x000000060fe00000, 0x000000060fe00000, 0x0000000610000000|  0%| F|  |TAMS 0x000000060fe00000, 0x000000060fe00000| Untracked 
| 128|0x0000000610000000, 0x0000000610000000, 0x0000000610200000|  0%| F|  |TAMS 0x0000000610000000, 0x0000000610000000| Untracked 
| 129|0x0000000610200000, 0x0000000610200000, 0x0000000610400000|  0%| F|  |TAMS 0x0000000610200000, 0x0000000610200000| Untracked 
| 130|0x0000000610400000, 0x0000000610400000, 0x0000000610600000|  0%| F|  |TAMS 0x0000000610400000, 0x0000000610400000| Untracked 
| 131|0x0000000610600000, 0x0000000610600000, 0x0000000610800000|  0%| F|  |TAMS 0x0000000610600000, 0x0000000610600000| Untracked 
| 132|0x0000000610800000, 0x0000000610800000, 0x0000000610a00000|  0%| F|  |TAMS 0x0000000610800000, 0x0000000610800000| Untracked 
| 133|0x0000000610a00000, 0x0000000610a00000, 0x0000000610c00000|  0%| F|  |TAMS 0x0000000610a00000, 0x0000000610a00000| Untracked 
| 134|0x0000000610c00000, 0x0000000610c00000, 0x0000000610e00000|  0%| F|  |TAMS 0x0000000610c00000, 0x0000000610c00000| Untracked 
| 135|0x0000000610e00000, 0x0000000610e00000, 0x0000000611000000|  0%| F|  |TAMS 0x0000000610e00000, 0x0000000610e00000| Untracked 
| 136|0x0000000611000000, 0x0000000611000000, 0x0000000611200000|  0%| F|  |TAMS 0x0000000611000000, 0x0000000611000000| Untracked 
| 137|0x0000000611200000, 0x0000000611200000, 0x0000000611400000|  0%| F|  |TAMS 0x0000000611200000, 0x0000000611200000| Untracked 
| 138|0x0000000611400000, 0x0000000611400000, 0x0000000611600000|  0%| F|  |TAMS 0x0000000611400000, 0x0000000611400000| Untracked 
| 139|0x0000000611600000, 0x0000000611600000, 0x0000000611800000|  0%| F|  |TAMS 0x0000000611600000, 0x0000000611600000| Untracked 
| 140|0x0000000611800000, 0x0000000611800000, 0x0000000611a00000|  0%| F|  |TAMS 0x0000000611800000, 0x0000000611800000| Untracked 
| 141|0x0000000611a00000, 0x0000000611a00000, 0x0000000611c00000|  0%| F|  |TAMS 0x0000000611a00000, 0x0000000611a00000| Untracked 
| 142|0x0000000611c00000, 0x0000000611c00000, 0x0000000611e00000|  0%| F|  |TAMS 0x0000000611c00000, 0x0000000611c00000| Untracked 
| 143|0x0000000611e00000, 0x0000000611e00000, 0x0000000612000000|  0%| F|  |TAMS 0x0000000611e00000, 0x0000000611e00000| Untracked 
| 144|0x0000000612000000, 0x0000000612000000, 0x0000000612200000|  0%| F|  |TAMS 0x0000000612000000, 0x0000000612000000| Untracked 
| 145|0x0000000612200000, 0x0000000612200000, 0x0000000612400000|  0%| F|  |TAMS 0x0000000612200000, 0x0000000612200000| Untracked 
| 146|0x0000000612400000, 0x0000000612400000, 0x0000000612600000|  0%| F|  |TAMS 0x0000000612400000, 0x0000000612400000| Untracked 
| 147|0x0000000612600000, 0x0000000612600000, 0x0000000612800000|  0%| F|  |TAMS 0x0000000612600000, 0x0000000612600000| Untracked 
| 148|0x0000000612800000, 0x0000000612800000, 0x0000000612a00000|  0%| F|  |TAMS 0x0000000612800000, 0x0000000612800000| Untracked 
| 149|0x0000000612a00000, 0x0000000612a00000, 0x0000000612c00000|  0%| F|  |TAMS 0x0000000612a00000, 0x0000000612a00000| Untracked 
| 150|0x0000000612c00000, 0x0000000612c00000, 0x0000000612e00000|  0%| F|  |TAMS 0x0000000612c00000, 0x0000000612c00000| Untracked 
| 151|0x0000000612e00000, 0x0000000612e00000, 0x0000000613000000|  0%| F|  |TAMS 0x0000000612e00000, 0x0000000612e00000| Untracked 
| 152|0x0000000613000000, 0x0000000613000000, 0x0000000613200000|  0%| F|  |TAMS 0x0000000613000000, 0x0000000613000000| Untracked 
| 153|0x0000000613200000, 0x0000000613200000, 0x0000000613400000|  0%| F|  |TAMS 0x0000000613200000, 0x0000000613200000| Untracked 
| 154|0x0000000613400000, 0x0000000613400000, 0x0000000613600000|  0%| F|  |TAMS 0x0000000613400000, 0x0000000613400000| Untracked 
| 155|0x0000000613600000, 0x0000000613600000, 0x0000000613800000|  0%| F|  |TAMS 0x0000000613600000, 0x0000000613600000| Untracked 
| 156|0x0000000613800000, 0x0000000613800000, 0x0000000613a00000|  0%| F|  |TAMS 0x0000000613800000, 0x0000000613800000| Untracked 
| 157|0x0000000613a00000, 0x0000000613a00000, 0x0000000613c00000|  0%| F|  |TAMS 0x0000000613a00000, 0x0000000613a00000| Untracked 
| 158|0x0000000613c00000, 0x0000000613c00000, 0x0000000613e00000|  0%| F|  |TAMS 0x0000000613c00000, 0x0000000613c00000| Untracked 
| 159|0x0000000613e00000, 0x0000000613e00000, 0x0000000614000000|  0%| F|  |TAMS 0x0000000613e00000, 0x0000000613e00000| Untracked 
| 160|0x0000000614000000, 0x0000000614000000, 0x0000000614200000|  0%| F|  |TAMS 0x0000000614000000, 0x0000000614000000| Untracked 
| 161|0x0000000614200000, 0x0000000614200000, 0x0000000614400000|  0%| F|  |TAMS 0x0000000614200000, 0x0000000614200000| Untracked 
| 162|0x0000000614400000, 0x0000000614400000, 0x0000000614600000|  0%| F|  |TAMS 0x0000000614400000, 0x0000000614400000| Untracked 
| 163|0x0000000614600000, 0x0000000614600000, 0x0000000614800000|  0%| F|  |TAMS 0x0000000614600000, 0x0000000614600000| Untracked 
| 164|0x0000000614800000, 0x0000000614800000, 0x0000000614a00000|  0%| F|  |TAMS 0x0000000614800000, 0x0000000614800000| Untracked 
| 165|0x0000000614a00000, 0x0000000614a00000, 0x0000000614c00000|  0%| F|  |TAMS 0x0000000614a00000, 0x0000000614a00000| Untracked 
| 166|0x0000000614c00000, 0x0000000614c00000, 0x0000000614e00000|  0%| F|  |TAMS 0x0000000614c00000, 0x0000000614c00000| Untracked 
| 167|0x0000000614e00000, 0x0000000614e00000, 0x0000000615000000|  0%| F|  |TAMS 0x0000000614e00000, 0x0000000614e00000| Untracked 
| 168|0x0000000615000000, 0x0000000615000000, 0x0000000615200000|  0%| F|  |TAMS 0x0000000615000000, 0x0000000615000000| Untracked 
| 169|0x0000000615200000, 0x0000000615200000, 0x0000000615400000|  0%| F|  |TAMS 0x0000000615200000, 0x0000000615200000| Untracked 
| 170|0x0000000615400000, 0x0000000615400000, 0x0000000615600000|  0%| F|  |TAMS 0x0000000615400000, 0x0000000615400000| Untracked 
| 171|0x0000000615600000, 0x0000000615600000, 0x0000000615800000|  0%| F|  |TAMS 0x0000000615600000, 0x0000000615600000| Untracked 
| 172|0x0000000615800000, 0x0000000615800000, 0x0000000615a00000|  0%| F|  |TAMS 0x0000000615800000, 0x0000000615800000| Untracked 
| 173|0x0000000615a00000, 0x0000000615a00000, 0x0000000615c00000|  0%| F|  |TAMS 0x0000000615a00000, 0x0000000615a00000| Untracked 
| 174|0x0000000615c00000, 0x0000000615c00000, 0x0000000615e00000|  0%| F|  |TAMS 0x0000000615c00000, 0x0000000615c00000| Untracked 
| 175|0x0000000615e00000, 0x0000000615e00000, 0x0000000616000000|  0%| F|  |TAMS 0x0000000615e00000, 0x0000000615e00000| Untracked 
| 176|0x0000000616000000, 0x0000000616000000, 0x0000000616200000|  0%| F|  |TAMS 0x0000000616000000, 0x0000000616000000| Untracked 
| 177|0x0000000616200000, 0x0000000616200000, 0x0000000616400000|  0%| F|  |TAMS 0x0000000616200000, 0x0000000616200000| Untracked 
| 178|0x0000000616400000, 0x0000000616400000, 0x0000000616600000|  0%| F|  |TAMS 0x0000000616400000, 0x0000000616400000| Untracked 
| 179|0x0000000616600000, 0x0000000616600000, 0x0000000616800000|  0%| F|  |TAMS 0x0000000616600000, 0x0000000616600000| Untracked 
| 180|0x0000000616800000, 0x0000000616800000, 0x0000000616a00000|  0%| F|  |TAMS 0x0000000616800000, 0x0000000616800000| Untracked 
| 181|0x0000000616a00000, 0x0000000616a00000, 0x0000000616c00000|  0%| F|  |TAMS 0x0000000616a00000, 0x0000000616a00000| Untracked 
| 182|0x0000000616c00000, 0x0000000616c00000, 0x0000000616e00000|  0%| F|  |TAMS 0x0000000616c00000, 0x0000000616c00000| Untracked 
| 183|0x0000000616e00000, 0x0000000616e00000, 0x0000000617000000|  0%| F|  |TAMS 0x0000000616e00000, 0x0000000616e00000| Untracked 
| 184|0x0000000617000000, 0x0000000617000000, 0x0000000617200000|  0%| F|  |TAMS 0x0000000617000000, 0x0000000617000000| Untracked 
| 185|0x0000000617200000, 0x0000000617200000, 0x0000000617400000|  0%| F|  |TAMS 0x0000000617200000, 0x0000000617200000| Untracked 
| 186|0x0000000617400000, 0x0000000617400000, 0x0000000617600000|  0%| F|  |TAMS 0x0000000617400000, 0x0000000617400000| Untracked 
| 187|0x0000000617600000, 0x0000000617600000, 0x0000000617800000|  0%| F|  |TAMS 0x0000000617600000, 0x0000000617600000| Untracked 
| 188|0x0000000617800000, 0x0000000617800000, 0x0000000617a00000|  0%| F|  |TAMS 0x0000000617800000, 0x0000000617800000| Untracked 
| 189|0x0000000617a00000, 0x0000000617a00000, 0x0000000617c00000|  0%| F|  |TAMS 0x0000000617a00000, 0x0000000617a00000| Untracked 
| 190|0x0000000617c00000, 0x0000000617c00000, 0x0000000617e00000|  0%| F|  |TAMS 0x0000000617c00000, 0x0000000617c00000| Untracked 
| 191|0x0000000617e00000, 0x0000000617e00000, 0x0000000618000000|  0%| F|  |TAMS 0x0000000617e00000, 0x0000000617e00000| Untracked 
| 192|0x0000000618000000, 0x0000000618000000, 0x0000000618200000|  0%| F|  |TAMS 0x0000000618000000, 0x0000000618000000| Untracked 
| 193|0x0000000618200000, 0x0000000618200000, 0x0000000618400000|  0%| F|  |TAMS 0x0000000618200000, 0x0000000618200000| Untracked 
| 194|0x0000000618400000, 0x0000000618400000, 0x0000000618600000|  0%| F|  |TAMS 0x0000000618400000, 0x0000000618400000| Untracked 
| 195|0x0000000618600000, 0x0000000618600000, 0x0000000618800000|  0%| F|  |TAMS 0x0000000618600000, 0x0000000618600000| Untracked 
| 196|0x0000000618800000, 0x0000000618800000, 0x0000000618a00000|  0%| F|  |TAMS 0x0000000618800000, 0x0000000618800000| Untracked 
| 197|0x0000000618a00000, 0x0000000618a00000, 0x0000000618c00000|  0%| F|  |TAMS 0x0000000618a00000, 0x0000000618a00000| Untracked 
| 198|0x0000000618c00000, 0x0000000618c00000, 0x0000000618e00000|  0%| F|  |TAMS 0x0000000618c00000, 0x0000000618c00000| Untracked 
| 199|0x0000000618e00000, 0x0000000618e00000, 0x0000000619000000|  0%| F|  |TAMS 0x0000000618e00000, 0x0000000618e00000| Untracked 
| 200|0x0000000619000000, 0x0000000619000000, 0x0000000619200000|  0%| F|  |TAMS 0x0000000619000000, 0x0000000619000000| Untracked 
| 201|0x0000000619200000, 0x0000000619200000, 0x0000000619400000|  0%| F|  |TAMS 0x0000000619200000, 0x0000000619200000| Untracked 
| 202|0x0000000619400000, 0x000000061942e758, 0x0000000619600000|  9%| S|CS|TAMS 0x0000000619400000, 0x0000000619400000| Complete 
| 203|0x0000000619600000, 0x0000000619800000, 0x0000000619800000|100%| S|CS|TAMS 0x0000000619600000, 0x0000000619600000| Complete 
| 204|0x0000000619800000, 0x0000000619a00000, 0x0000000619a00000|100%| S|CS|TAMS 0x0000000619800000, 0x0000000619800000| Complete 
| 205|0x0000000619a00000, 0x0000000619c00000, 0x0000000619c00000|100%| S|CS|TAMS 0x0000000619a00000, 0x0000000619a00000| Complete 
| 206|0x0000000619c00000, 0x0000000619c00000, 0x0000000619e00000|  0%| F|  |TAMS 0x0000000619c00000, 0x0000000619c00000| Untracked 
| 207|0x0000000619e00000, 0x0000000619e00000, 0x000000061a000000|  0%| F|  |TAMS 0x0000000619e00000, 0x0000000619e00000| Untracked 
| 208|0x000000061a000000, 0x000000061a000000, 0x000000061a200000|  0%| F|  |TAMS 0x000000061a000000, 0x000000061a000000| Untracked 
| 209|0x000000061a200000, 0x000000061a200000, 0x000000061a400000|  0%| F|  |TAMS 0x000000061a200000, 0x000000061a200000| Untracked 
| 210|0x000000061a400000, 0x000000061a400000, 0x000000061a600000|  0%| F|  |TAMS 0x000000061a400000, 0x000000061a400000| Untracked 
| 211|0x000000061a600000, 0x000000061a600000, 0x000000061a800000|  0%| F|  |TAMS 0x000000061a600000, 0x000000061a600000| Untracked 
| 212|0x000000061a800000, 0x000000061a800000, 0x000000061aa00000|  0%| F|  |TAMS 0x000000061a800000, 0x000000061a800000| Untracked 
| 213|0x000000061aa00000, 0x000000061aa00000, 0x000000061ac00000|  0%| F|  |TAMS 0x000000061aa00000, 0x000000061aa00000| Untracked 
| 214|0x000000061ac00000, 0x000000061ac00000, 0x000000061ae00000|  0%| F|  |TAMS 0x000000061ac00000, 0x000000061ac00000| Untracked 
| 215|0x000000061ae00000, 0x000000061ae00000, 0x000000061b000000|  0%| F|  |TAMS 0x000000061ae00000, 0x000000061ae00000| Untracked 
| 216|0x000000061b000000, 0x000000061b000000, 0x000000061b200000|  0%| F|  |TAMS 0x000000061b000000, 0x000000061b000000| Untracked 
| 217|0x000000061b200000, 0x000000061b3f9050, 0x000000061b400000| 98%| E|  |TAMS 0x000000061b200000, 0x000000061b200000| Complete 
| 218|0x000000061b400000, 0x000000061b600000, 0x000000061b600000|100%| E|CS|TAMS 0x000000061b400000, 0x000000061b400000| Complete 
| 219|0x000000061b600000, 0x000000061b800000, 0x000000061b800000|100%| E|CS|TAMS 0x000000061b600000, 0x000000061b600000| Complete 
| 220|0x000000061b800000, 0x000000061ba00000, 0x000000061ba00000|100%| E|CS|TAMS 0x000000061b800000, 0x000000061b800000| Complete 
| 221|0x000000061ba00000, 0x000000061bc00000, 0x000000061bc00000|100%| E|CS|TAMS 0x000000061ba00000, 0x000000061ba00000| Complete 
| 222|0x000000061bc00000, 0x000000061be00000, 0x000000061be00000|100%| E|CS|TAMS 0x000000061bc00000, 0x000000061bc00000| Complete 
| 223|0x000000061be00000, 0x000000061c000000, 0x000000061c000000|100%| E|CS|TAMS 0x000000061be00000, 0x000000061be00000| Complete 
| 224|0x000000061c000000, 0x000000061c200000, 0x000000061c200000|100%| E|CS|TAMS 0x000000061c000000, 0x000000061c000000| Complete 
| 225|0x000000061c200000, 0x000000061c400000, 0x000000061c400000|100%| E|CS|TAMS 0x000000061c200000, 0x000000061c200000| Complete 
| 226|0x000000061c400000, 0x000000061c600000, 0x000000061c600000|100%| E|CS|TAMS 0x000000061c400000, 0x000000061c400000| Complete 
| 227|0x000000061c600000, 0x000000061c800000, 0x000000061c800000|100%| E|CS|TAMS 0x000000061c600000, 0x000000061c600000| Complete 
| 228|0x000000061c800000, 0x000000061ca00000, 0x000000061ca00000|100%| E|CS|TAMS 0x000000061c800000, 0x000000061c800000| Complete 
| 229|0x000000061ca00000, 0x000000061cc00000, 0x000000061cc00000|100%| E|CS|TAMS 0x000000061ca00000, 0x000000061ca00000| Complete 
| 230|0x000000061cc00000, 0x000000061ce00000, 0x000000061ce00000|100%| E|CS|TAMS 0x000000061cc00000, 0x000000061cc00000| Complete 
| 231|0x000000061ce00000, 0x000000061d000000, 0x000000061d000000|100%| E|CS|TAMS 0x000000061ce00000, 0x000000061ce00000| Complete 
| 232|0x000000061d000000, 0x000000061d200000, 0x000000061d200000|100%| E|CS|TAMS 0x000000061d000000, 0x000000061d000000| Complete 
| 233|0x000000061d200000, 0x000000061d400000, 0x000000061d400000|100%| E|CS|TAMS 0x000000061d200000, 0x000000061d200000| Complete 
| 234|0x000000061d400000, 0x000000061d600000, 0x000000061d600000|100%| E|CS|TAMS 0x000000061d400000, 0x000000061d400000| Complete 
| 235|0x000000061d600000, 0x000000061d800000, 0x000000061d800000|100%| E|CS|TAMS 0x000000061d600000, 0x000000061d600000| Complete 
| 236|0x000000061d800000, 0x000000061da00000, 0x000000061da00000|100%| E|CS|TAMS 0x000000061d800000, 0x000000061d800000| Complete 
| 237|0x000000061da00000, 0x000000061dc00000, 0x000000061dc00000|100%| E|CS|TAMS 0x000000061da00000, 0x000000061da00000| Complete 
| 238|0x000000061dc00000, 0x000000061de00000, 0x000000061de00000|100%| E|CS|TAMS 0x000000061dc00000, 0x000000061dc00000| Complete 
| 239|0x000000061de00000, 0x000000061e000000, 0x000000061e000000|100%| E|CS|TAMS 0x000000061de00000, 0x000000061de00000| Complete 
| 240|0x000000061e000000, 0x000000061e200000, 0x000000061e200000|100%| E|CS|TAMS 0x000000061e000000, 0x000000061e000000| Complete 
| 241|0x000000061e200000, 0x000000061e400000, 0x000000061e400000|100%| E|CS|TAMS 0x000000061e200000, 0x000000061e200000| Complete 
| 242|0x000000061e400000, 0x000000061e600000, 0x000000061e600000|100%| E|CS|TAMS 0x000000061e400000, 0x000000061e400000| Complete 
| 243|0x000000061e600000, 0x000000061e800000, 0x000000061e800000|100%| E|CS|TAMS 0x000000061e600000, 0x000000061e600000| Complete 
| 244|0x000000061e800000, 0x000000061ea00000, 0x000000061ea00000|100%| E|CS|TAMS 0x000000061e800000, 0x000000061e800000| Complete 
| 245|0x000000061ea00000, 0x000000061ec00000, 0x000000061ec00000|100%| E|  |TAMS 0x000000061ea00000, 0x000000061ea00000| Complete 
| 246|0x000000061ec00000, 0x000000061ee00000, 0x000000061ee00000|100%| E|CS|TAMS 0x000000061ec00000, 0x000000061ec00000| Complete 
| 247|0x000000061ee00000, 0x000000061f000000, 0x000000061f000000|100%| E|CS|TAMS 0x000000061ee00000, 0x000000061ee00000| Complete 
| 248|0x000000061f000000, 0x000000061f200000, 0x000000061f200000|100%| E|CS|TAMS 0x000000061f000000, 0x000000061f000000| Complete 
| 249|0x000000061f200000, 0x000000061f400000, 0x000000061f400000|100%| E|CS|TAMS 0x000000061f200000, 0x000000061f200000| Complete 
| 250|0x000000061f400000, 0x000000061f600000, 0x000000061f600000|100%| E|CS|TAMS 0x000000061f400000, 0x000000061f400000| Complete 
| 251|0x000000061f600000, 0x000000061f800000, 0x000000061f800000|100%| E|CS|TAMS 0x000000061f600000, 0x000000061f600000| Complete 
| 252|0x000000061f800000, 0x000000061fa00000, 0x000000061fa00000|100%| E|CS|TAMS 0x000000061f800000, 0x000000061f800000| Complete 
| 253|0x000000061fa00000, 0x000000061fc00000, 0x000000061fc00000|100%| E|CS|TAMS 0x000000061fa00000, 0x000000061fa00000| Complete 
| 254|0x000000061fc00000, 0x000000061fe00000, 0x000000061fe00000|100%| E|CS|TAMS 0x000000061fc00000, 0x000000061fc00000| Complete 
| 255|0x000000061fe00000, 0x0000000620000000, 0x0000000620000000|100%| E|CS|TAMS 0x000000061fe00000, 0x000000061fe00000| Complete 

Card table byte_map: [0x0000000116391000,0x0000000117391000] _byte_map_base: 0x0000000113391000

Marking Bits (Prev, Next): (CMBitMap*) 0x00007fae3f809e50, (CMBitMap*) 0x00007fae3f809e18
 Prev Bits: [0x0000000120391000, 0x0000000128391000)
 Next Bits: [0x0000000118391000, 0x0000000120391000)

Polling page: 0x00000001010fe000

Metaspace:

Usage:
  Non-class:     27.60 MB capacity,    27.28 MB ( 99%) used,   259.84 KB ( <1%) free+waste,    59.69 KB ( <1%) overhead. 
      Class:      3.87 MB capacity,     3.69 MB ( 95%) used,   154.12 KB (  4%) free+waste,    26.88 KB ( <1%) overhead. 
       Both:     31.46 MB capacity,    30.97 MB ( 98%) used,   413.97 KB (  1%) free+waste,    86.56 KB ( <1%) overhead. 

Virtual space:
  Non-class space:       28.00 MB reserved,      28.00 MB (100%) committed 
      Class space:        1.00 GB reserved,       3.88 MB ( <1%) committed 
             Both:        1.03 GB reserved,      31.88 MB (  3%) committed 

Chunk freelists:
   Non-Class:  178.00 KB
       Class:  10.00 KB
        Both:  188.00 KB

MaxMetaspaceSize: unlimited
CompressedClassSpaceSize: 1.00 GB
Initial GC threshold: 20.80 MB
Current GC threshold: 35.00 MB
CDS: off

CodeHeap 'non-profiled nmethods': size=119172Kb used=1389Kb max_used=1389Kb free=117782Kb
 bounds [0x000000010df30000, 0x000000010e1a0000, 0x0000000115391000]
CodeHeap 'profiled nmethods': size=119168Kb used=7289Kb max_used=7289Kb free=111878Kb
 bounds [0x0000000106ad0000, 0x00000001071f0000, 0x000000010df30000]
CodeHeap 'non-nmethods': size=7420Kb used=1305Kb max_used=1377Kb free=6114Kb
 bounds [0x0000000106391000, 0x0000000106601000, 0x0000000106ad0000]
 total_blobs=3845 nmethods=3325 adapters=441
 compilation: enabled
              stopped_count=0, restarted_count=0
 full_count=0

Compilation events (20 events):
Event: 195.688 Thread 0x00007fae3f858000 nmethod 3526 0x00000001071edc10 code [0x00000001071eddc0, 0x00000001071edf70]
Event: 195.688 Thread 0x00007fae3f858000 3528       3       net.bytebuddy.asm.Advice$OffsetMapping$Target$ForVariable$ReadOnly::<init> (8 bytes)
Event: 195.688 Thread 0x00007fae3f858000 nmethod 3528 0x00000001071ee010 code [0x00000001071ee1e0, 0x00000001071ee470]
Event: 195.689 Thread 0x00007fadff017800 nmethod 3505 0x000000010e084c10 code [0x000000010e084da0, 0x000000010e084fb8]
Event: 195.689 Thread 0x00007fadff017800 3462       4       java.util.concurrent.ConcurrentHashMap::get (162 bytes)
Event: 195.693 Thread 0x00007fadff017800 nmethod 3462 0x000000010e085090 code [0x000000010e085240, 0x000000010e0855b8]
Event: 195.693 Thread 0x00007fadff017800 3530       4       org.eclipse.jdt.launching.internal.org.objectweb.asm.MethodWriter::<init> (232 bytes)
Event: 195.716 Thread 0x00007fadff017800 nmethod 3530 0x000000010e085890 code [0x000000010e085aa0, 0x000000010e086f30]
Event: 195.716 Thread 0x00007fadff017800 3481       4       java.util.AbstractList$Itr::hasNext (20 bytes)
Event: 195.716 Thread 0x00007fadff017800 nmethod 3481 0x000000010e087890 code [0x000000010e087a20, 0x000000010e087ab8]
Event: 195.716 Thread 0x00007fadff017800 3494       4       net.bytebuddy.description.type.TypeDefinition$Sort::describe (127 bytes)
Event: 195.721 Thread 0x00007fadff017800 nmethod 3494 0x000000010e087b90 code [0x000000010e087da0, 0x000000010e088388]
Event: 195.721 Thread 0x00007fadff017800 3482       4       net.bytebuddy.description.type.TypeDescription$Generic$OfNonGenericType::getSort (4 bytes)
Event: 195.721 Thread 0x00007fadff017800 nmethod 3482 0x000000010e088690 code [0x000000010e088820, 0x000000010e088898]
Event: 195.721 Thread 0x00007fadff017800 3491       4       net.bytebuddy.description.type.TypeDescription$AbstractBase::equals (60 bytes)
Event: 195.729 Thread 0x00007fadff017800 nmethod 3491 0x000000010e088990 code [0x000000010e088b80, 0x000000010e089318]
Event: 195.729 Thread 0x00007fadff017800 3522       4       net.bytebuddy.description.type.TypeDescription$AbstractBase::represents (9 bytes)
Event: 195.745 Thread 0x00007fadff017800 nmethod 3522 0x000000010e089890 code [0x000000010e089b00, 0x000000010e08a7e0]
Event: 425.394 Thread 0x00007fadff017800 3532       4       java.lang.String::hashCode (49 bytes)
Event: 425.412 Thread 0x00007fadff017800 nmethod 3532 0x000000010e08b110 code [0x000000010e08b2c0, 0x000000010e08b4a8]

GC Heap History (12 events):
Event: 0.467 GC heap before
{Heap before GC invocations=0 (full 0):
 garbage-first heap   total 524288K, used 24576K [0x0000000600000000, 0x0000000800000000)
  region size 2048K, 12 young (24576K), 0 survivors (0K)
 Metaspace       used 5670K, capacity 5744K, committed 6016K, reserved 1056768K
  class space    used 496K, capacity 534K, committed 640K, reserved 1048576K
}
Event: 0.474 GC heap after
{Heap after GC invocations=1 (full 0):
 garbage-first heap   total 524288K, used 16167K [0x0000000600000000, 0x0000000800000000)
  region size 2048K, 2 young (4096K), 2 survivors (4096K)
 Metaspace       used 5670K, capacity 5744K, committed 6016K, reserved 1056768K
  class space    used 496K, capacity 534K, committed 640K, reserved 1048576K
}
Event: 0.654 GC heap before
{Heap before GC invocations=1 (full 0):
 garbage-first heap   total 524288K, used 34599K [0x0000000600000000, 0x0000000800000000)
  region size 2048K, 12 young (24576K), 2 survivors (4096K)
 Metaspace       used 8633K, capacity 8762K, committed 9088K, reserved 1056768K
  class space    used 795K, capacity 836K, committed 896K, reserved 1048576K
}
Event: 0.662 GC heap after
{Heap after GC invocations=2 (full 0):
 garbage-first heap   total 524288K, used 29686K [0x0000000600000000, 0x0000000800000000)
  region size 2048K, 2 young (4096K), 2 survivors (4096K)
 Metaspace       used 8633K, capacity 8762K, committed 9088K, reserved 1056768K
  class space    used 795K, capacity 836K, committed 896K, reserved 1048576K
}
Event: 0.947 GC heap before
{Heap before GC invocations=2 (full 0):
 garbage-first heap   total 524288K, used 60406K [0x0000000600000000, 0x0000000800000000)
  region size 2048K, 18 young (36864K), 2 survivors (4096K)
 Metaspace       used 12233K, capacity 12397K, committed 12544K, reserved 1060864K
  class space    used 1214K, capacity 1257K, committed 1280K, reserved 1048576K
}
Event: 0.950 GC heap after
{Heap after GC invocations=3 (full 0):
 garbage-first heap   total 524288K, used 30583K [0x0000000600000000, 0x0000000800000000)
  region size 2048K, 1 young (2048K), 1 survivors (2048K)
 Metaspace       used 12233K, capacity 12397K, committed 12544K, reserved 1060864K
  class space    used 1214K, capacity 1257K, committed 1280K, reserved 1048576K
}
Event: 1.300 GC heap before
{Heap before GC invocations=3 (full 0):
 garbage-first heap   total 524288K, used 81783K [0x0000000600000000, 0x0000000800000000)
  region size 2048K, 26 young (53248K), 1 survivors (2048K)
 Metaspace       used 15559K, capacity 15750K, committed 16128K, reserved 1062912K
  class space    used 1650K, capacity 1732K, committed 1792K, reserved 1048576K
}
Event: 1.302 GC heap after
{Heap after GC invocations=4 (full 0):
 garbage-first heap   total 524288K, used 31685K [0x0000000600000000, 0x0000000800000000)
  region size 2048K, 1 young (2048K), 1 survivors (2048K)
 Metaspace       used 15559K, capacity 15750K, committed 16128K, reserved 1062912K
  class space    used 1650K, capacity 1732K, committed 1792K, reserved 1048576K
}
Event: 2.319 GC heap before
{Heap before GC invocations=4 (full 0):
 garbage-first heap   total 524288K, used 62405K [0x0000000600000000, 0x0000000800000000)
  region size 2048K, 17 young (34816K), 1 survivors (2048K)
 Metaspace       used 20568K, capacity 21019K, committed 21248K, reserved 1069056K
  class space    used 2291K, capacity 2488K, committed 2560K, reserved 1048576K
}
Event: 2.322 GC heap after
{Heap after GC invocations=5 (full 0):
 garbage-first heap   total 524288K, used 34606K [0x0000000600000000, 0x0000000800000000)
  region size 2048K, 3 young (6144K), 3 survivors (6144K)
 Metaspace       used 20568K, capacity 21019K, committed 21248K, reserved 1069056K
  class space    used 2291K, capacity 2488K, committed 2560K, reserved 1048576K
}
Event: 3.145 GC heap before
{Heap before GC invocations=6 (full 0):
 garbage-first heap   total 524288K, used 130862K [0x0000000600000000, 0x0000000800000000)
  region size 2048K, 50 young (102400K), 3 survivors (6144K)
 Metaspace       used 25751K, capacity 26221K, committed 26496K, reserved 1073152K
  class space    used 3198K, capacity 3396K, committed 3456K, reserved 1048576K
}
Event: 3.149 GC heap after
{Heap after GC invocations=7 (full 0):
 garbage-first heap   total 524288K, used 36093K [0x0000000600000000, 0x0000000800000000)
  region size 2048K, 4 young (8192K), 4 survivors (8192K)
 Metaspace       used 25751K, capacity 26221K, committed 26496K, reserved 1073152K
  class space    used 3198K, capacity 3396K, committed 3456K, reserved 1048576K
}

Deoptimization events (20 events):
Event: 425.852 Thread 0x00007fae3fc09000 Uncommon trap: trap_request=0xffffff9f fr.pc=0x000000010e080ce0 relative=0x00000000000012e0
Event: 425.852 Thread 0x00007fae3fc09000 Uncommon trap: reason=unhandled action=none pc=0x000000010e080ce0 method=com.lmax.disruptor.TimeoutBlockingWaitStrategy.waitFor(JLcom/lmax/disruptor/Sequence;Lcom/lmax/disruptor/Sequence;Lcom/lmax/disruptor/SequenceBarrier;)J @ 63 c2
Event: 425.852 Thread 0x00007fae3fc09000 DEOPT PACKING pc=0x000000010e080ce0 sp=0x00007000037f8980
Event: 425.852 Thread 0x00007fae3fc09000 DEOPT UNPACKING pc=0x00000001063daea5 sp=0x00007000037f8910 mode 2
Event: 425.864 Thread 0x00007fae3fc09000 Uncommon trap: trap_request=0xffffff9f fr.pc=0x000000010e080ce0 relative=0x00000000000012e0
Event: 425.864 Thread 0x00007fae3fc09000 Uncommon trap: reason=unhandled action=none pc=0x000000010e080ce0 method=com.lmax.disruptor.TimeoutBlockingWaitStrategy.waitFor(JLcom/lmax/disruptor/Sequence;Lcom/lmax/disruptor/Sequence;Lcom/lmax/disruptor/SequenceBarrier;)J @ 63 c2
Event: 425.864 Thread 0x00007fae3fc09000 DEOPT PACKING pc=0x000000010e080ce0 sp=0x00007000037f8980
Event: 425.864 Thread 0x00007fae3fc09000 DEOPT UNPACKING pc=0x00000001063daea5 sp=0x00007000037f8910 mode 2
Event: 425.874 Thread 0x00007fae3fc09000 Uncommon trap: trap_request=0xffffff9f fr.pc=0x000000010e080ce0 relative=0x00000000000012e0
Event: 425.874 Thread 0x00007fae3fc09000 Uncommon trap: reason=unhandled action=none pc=0x000000010e080ce0 method=com.lmax.disruptor.TimeoutBlockingWaitStrategy.waitFor(JLcom/lmax/disruptor/Sequence;Lcom/lmax/disruptor/Sequence;Lcom/lmax/disruptor/SequenceBarrier;)J @ 63 c2
Event: 425.874 Thread 0x00007fae3fc09000 DEOPT PACKING pc=0x000000010e080ce0 sp=0x00007000037f8980
Event: 425.874 Thread 0x00007fae3fc09000 DEOPT UNPACKING pc=0x00000001063daea5 sp=0x00007000037f8910 mode 2
Event: 425.885 Thread 0x00007fae3fc09000 Uncommon trap: trap_request=0xffffff9f fr.pc=0x000000010e080ce0 relative=0x00000000000012e0
Event: 425.885 Thread 0x00007fae3fc09000 Uncommon trap: reason=unhandled action=none pc=0x000000010e080ce0 method=com.lmax.disruptor.TimeoutBlockingWaitStrategy.waitFor(JLcom/lmax/disruptor/Sequence;Lcom/lmax/disruptor/Sequence;Lcom/lmax/disruptor/SequenceBarrier;)J @ 63 c2
Event: 425.885 Thread 0x00007fae3fc09000 DEOPT PACKING pc=0x000000010e080ce0 sp=0x00007000037f8980
Event: 425.885 Thread 0x00007fae3fc09000 DEOPT UNPACKING pc=0x00000001063daea5 sp=0x00007000037f8910 mode 2
Event: 425.896 Thread 0x00007fae3fc09000 Uncommon trap: trap_request=0xffffff9f fr.pc=0x000000010e080ce0 relative=0x00000000000012e0
Event: 425.896 Thread 0x00007fae3fc09000 Uncommon trap: reason=unhandled action=none pc=0x000000010e080ce0 method=com.lmax.disruptor.TimeoutBlockingWaitStrategy.waitFor(JLcom/lmax/disruptor/Sequence;Lcom/lmax/disruptor/Sequence;Lcom/lmax/disruptor/SequenceBarrier;)J @ 63 c2
Event: 425.896 Thread 0x00007fae3fc09000 DEOPT PACKING pc=0x000000010e080ce0 sp=0x00007000037f8980
Event: 425.896 Thread 0x00007fae3fc09000 DEOPT UNPACKING pc=0x00000001063daea5 sp=0x00007000037f8910 mode 2

Classes redefined (10 events):
Event: 3.504 Thread 0x00007fae08047800 redefined class name=java.lang.Object, count=1
Event: 3.510 Thread 0x00007fae08047800 redefined class name=com.cyberark.conjur.domain.ConjurConfiguration, count=2
Event: 3.649 Thread 0x00007fae08047800 redefined class name=com.cyberark.conjur.sdk.ApiClient, count=2
Event: 3.689 Thread 0x00007fae08047800 redefined class name=com.cyberark.conjur.sdk.endpoint.SecretsApi, count=2
Event: 194.585 Thread 0x00007fae08047800 redefined class name=com.cyberark.conjur.mulesoft.internal.ConjurMuleConnectionProviderTest, count=2
Event: 195.665 Thread 0x00007fae08047800 redefined class name=com.cyberark.conjur.domain.ConjurConfiguration, count=3
Event: 195.672 Thread 0x00007fae08047800 redefined class name=com.cyberark.conjur.mulesoft.internal.ConjurMuleConnectionProvider, count=2
Event: 195.679 Thread 0x00007fae08047800 redefined class name=com.cyberark.conjur.service.ConjurService, count=2
Event: 195.685 Thread 0x00007fae08047800 redefined class name=com.cyberark.conjur.service.ConjurServiceImpl, count=2
Event: 425.409 Thread 0x00007fae08047800 redefined class name=com.cyberark.conjur.mulesoft.internal.ConjurMuleConnectionProviderTest, count=3

Internal exceptions (20 events):
Event: 2.330 Thread 0x00007fae3f813000 Exception <a 'java/lang/NoSuchMethodError'{0x000000061feea228}: 'java.lang.Object java.lang.invoke.DirectMethodHandle$Holder.invokeStaticInit(java.lang.Object, java.lang.Object, long, java.lang.Object)'> (0x000000061feea228) thrown at [./src/hotspot/share/interpreter/linkResolver.cpp, line 773]
Event: 2.331 Thread 0x00007fae3f813000 Exception <a 'java/lang/NoSuchMethodError'{0x000000061fef64b8}: 'java.lang.Object java.lang.invoke.Invokers$Holder.linkToTargetMethod(java.lang.Object, long, java.lang.Object)'> (0x000000061fef64b8) thrown at [./src/hotspot/share/interpreter/linkResolver.cpp, line 773]
Event: 2.356 Thread 0x00007fae3f813000 Exception <a 'java/lang/NoSuchMethodError'{0x000000061fc70248}: 'java.lang.Object java.lang.invoke.DirectMethodHandle$Holder.invokeStatic(java.lang.Object, java.lang.Object, java.lang.Object, int)'> (0x000000061fc70248) thrown at [./src/hotspot/share/interpreter/linkResolver.cpp, line 773]
Event: 2.357 Thread 0x00007fae3f813000 Exception <a 'java/lang/NoSuchMethodError'{0x000000061fc73eb8}: 'java.lang.Object java.lang.invoke.DirectMethodHandle$Holder.invokeSpecial(java.lang.Object, java.lang.Object, java.lang.Object, java.lang.Object, int)'> (0x000000061fc73eb8) thrown at [./src/hotspot/share/interpreter/linkResolver.cpp, line 773]
Event: 2.357 Thread 0x00007fae3f813000 Exception <a 'java/lang/NoSuchMethodError'{0x000000061fc771c8}: 'java.lang.Object java.lang.invoke.Invokers$Holder.linkToTargetMethod(java.lang.Object, java.lang.Object, int, java.lang.Object)'> (0x000000061fc771c8) thrown at [./src/hotspot/share/interpreter/linkResolver.cpp, line 773]
Event: 2.733 Thread 0x00007fae3f813000 Exception <a 'java/lang/NoSuchMethodError'{0x000000061fa7c5d0}: 'int java.lang.invoke.DirectMethodHandle$Holder.invokeSpecial(java.lang.Object, java.lang.Object, java.lang.Object, java.lang.Object, java.lang.Object)'> (0x000000061fa7c5d0) thrown at [./src/hotspot/share/interpreter/linkResolver.cpp, line 773]
Event: 2.975 Thread 0x00007fae3f813000 Exception <a 'java/lang/ClassNotFoundException'{0x000000061b88f598}: java/lang/ClassLoader$ByteBuddyAccessor$P3EeGSmh> (0x000000061b88f598) thrown at [./src/hotspot/share/classfile/systemDictionary.cpp, line 230]
Event: 3.102 Thread 0x00007fae3f813000 Exception <a 'java/lang/NoSuchMethodError'{0x000000061a285558}: 'java.lang.Object java.lang.invoke.DirectMethodHandle$Holder.invokeVirtual(java.lang.Object, java.lang.Object, java.lang.Object)'> (0x000000061a285558) thrown at [./src/hotspot/share/interpreter/linkResolver.cpp, line 773]
Event: 3.124 Thread 0x00007fae3f813000 Exception <a 'java/lang/NoSuchMethodError'{0x0000000619e6f408}: 'void java.lang.invoke.DelegatingMethodHandle$Holder.delegate(java.lang.Object, java.lang.Object, int, java.lang.Object)'> (0x0000000619e6f408) thrown at [./src/hotspot/share/interpreter/linkResolver.cpp, line 773]
Event: 3.125 Thread 0x00007fae3f813000 Exception <a 'java/lang/NoSuchMethodError'{0x0000000619e7b2f0}: 'int java.lang.invoke.DirectMethodHandle$Holder.invokeSpecial(java.lang.Object, java.lang.Object, java.lang.Object, java.lang.Object)'> (0x0000000619e7b2f0) thrown at [./src/hotspot/share/interpreter/linkResolver.cpp, line 773]
Event: 3.179 Thread 0x00007fae3f813000 Implicit null exception at 0x000000010df59078 to 0x000000010df59106
Event: 3.180 Thread 0x00007fae3f813000 Implicit null exception at 0x000000010df3e92f to 0x000000010df3e9ad
Event: 3.268 Thread 0x00007fae3f813000 Exception <a 'java/lang/NoSuchMethodError'{0x000000061de46448}: 'java.lang.Object java.lang.invoke.DirectMethodHandle$Holder.invokeStatic(java.lang.Object, java.lang.Object, int, java.lang.Object)'> (0x000000061de46448) thrown at [./src/hotspot/share/interpreter/linkResolver.cpp, line 773]
Event: 3.268 Thread 0x00007fae3f813000 Exception <a 'java/lang/NoSuchMethodError'{0x000000061de4c538}: 'java.lang.Object java.lang.invoke.Invokers$Holder.linkToTargetMethod(java.lang.Object, int, java.lang.Object)'> (0x000000061de4c538) thrown at [./src/hotspot/share/interpreter/linkResolver.cpp, line 773]
Event: 3.353 Thread 0x00007fae3f813000 Exception <a 'java/lang/NoSuchMethodError'{0x000000061d4e2f00}: 'int java.lang.invoke.DirectMethodHandle$Holder.invokeStaticInit(java.lang.Object, java.lang.Object, java.lang.Object, java.lang.Object)'> (0x000000061d4e2f00) thrown at [./src/hotspot/share/interpreter/linkResolver.cpp, line 773]
Event: 3.354 Thread 0x00007fae3f813000 Exception <a 'java/lang/IncompatibleClassChangeError'{0x000000061d4ebbc8}: Found class java.lang.Object, but interface was expected> (0x000000061d4ebbc8) thrown at [./src/hotspot/share/interpreter/linkResolver.cpp, line 839]
Event: 3.354 Thread 0x00007fae3f813000 Exception <a 'java/lang/NoSuchMethodError'{0x000000061d4eeca0}: 'void java.lang.invoke.DirectMethodHandle$Holder.invokeStaticInit(java.lang.Object, java.lang.Object)'> (0x000000061d4eeca0) thrown at [./src/hotspot/share/interpreter/linkResolver.cpp, line 773]
Event: 3.354 Thread 0x00007fae3f813000 Exception <a 'java/lang/NoSuchMethodError'{0x000000061d4f4250}: 'int java.lang.invoke.DirectMethodHandle$Holder.invokeStaticInit(java.lang.Object, java.lang.Object)'> (0x000000061d4f4250) thrown at [./src/hotspot/share/interpreter/linkResolver.cpp, line 773]
Event: 3.378 Thread 0x00007fae3f813000 Exception <a 'java/lang/NoSuchMethodError'{0x000000061d312218}: 'java.lang.Object java.lang.invoke.Invokers$Holder.invoker(java.lang.Object, java.lang.Object, java.lang.Object)'> (0x000000061d312218) thrown at [./src/hotspot/share/interpreter/linkResolver.cpp, line 773]
Event: 3.380 Thread 0x00007fae3f813000 Exception <a 'java/lang/NoSuchMethodError'{0x000000061d351a88}: 'int java.lang.invoke.DirectMethodHandle$Holder.invokeStaticInit(java.lang.Object, java.lang.Object, java.lang.Object)'> (0x000000061d351a88) thrown at [./src/hotspot/share/interpreter/linkResolver.cpp, line 773]

Events (20 events):
Event: 425.429 Executing VM operation: ChangeBreakpoints done
Event: 425.435 Executing VM operation: ChangeBreakpoints
Event: 425.437 Executing VM operation: ChangeBreakpoints done
Event: 425.444 Executing VM operation: ChangeBreakpoints
Event: 425.447 Executing VM operation: ChangeBreakpoints done
Event: 425.452 Executing VM operation: ChangeBreakpoints
Event: 425.454 Executing VM operation: ChangeBreakpoints done
Event: 425.457 Executing VM operation: GetFrameCount
Event: 425.457 Executing VM operation: GetFrameCount done
Event: 425.457 Executing VM operation: GetStackTrace
Event: 425.457 Executing VM operation: GetStackTrace done
Event: 425.848 Executing VM operation: GetFrameCount
Event: 425.848 Executing VM operation: GetFrameCount done
Event: 425.848 Executing VM operation: GetOwnedMonitorInfo
Event: 425.848 Executing VM operation: GetOwnedMonitorInfo done
Event: 425.848 Executing VM operation: GetCurrentContendedMonitor
Event: 425.848 Executing VM operation: GetCurrentContendedMonitor done
Event: 425.899 Executing VM operation: GetFrameLocation
Event: 425.899 Executing VM operation: GetFrameLocation done
Event: 425.899 Executing VM operation: GetOrSetLocal


Dynamic libraries:
0x0000000101075000 	/Library/Java/JavaVirtualMachines/openlogic-openjdk-11.jre/Contents/Home/lib/jli/libjli.dylib
0x00007ff82106c000 	/System/Library/Frameworks/Cocoa.framework/Versions/A/Cocoa
0x00007ff80aece000 	/System/Library/Frameworks/AppKit.framework/Versions/C/AppKit
0x00007ff80dadd000 	/System/Library/Frameworks/CoreData.framework/Versions/A/CoreData
0x00007ff808c9d000 	/System/Library/Frameworks/Foundation.framework/Versions/C/Foundation
0x00007ff813bff000 	/usr/lib/libSystem.B.dylib
0x00007ff80bed6000 	/System/Library/PrivateFrameworks/UIFoundation.framework/Versions/A/UIFoundation
0x00007ffb0e3a1000 	/System/Library/PrivateFrameworks/CollectionViewCore.framework/Versions/A/CollectionViewCore
0x00007ff81af7f000 	/System/Library/PrivateFrameworks/RemoteViewServices.framework/Versions/A/RemoteViewServices
0x00007ff811bce000 	/System/Library/PrivateFrameworks/XCTTargetBootstrap.framework/Versions/A/XCTTargetBootstrap
0x00007ff816a5c000 	/System/Library/PrivateFrameworks/InternationalSupport.framework/Versions/A/InternationalSupport
0x00007ff816ae5000 	/System/Library/PrivateFrameworks/UserActivity.framework/Versions/A/UserActivity
0x00007ffb25316000 	/System/Library/PrivateFrameworks/WindowManagement.framework/Versions/A/WindowManagement
0x00007ff80898c000 	/System/Library/Frameworks/SystemConfiguration.framework/Versions/A/SystemConfiguration
0x00007ff815e34000 	/usr/lib/libspindump.dylib
0x00007ff80c0a4000 	/System/Library/Frameworks/UniformTypeIdentifiers.framework/Versions/A/UniformTypeIdentifiers
0x00007ff80fd8a000 	/usr/lib/libapp_launch_measurement.dylib
0x00007ff80ef6b000 	/System/Library/PrivateFrameworks/CoreAnalytics.framework/Versions/A/CoreAnalytics
0x00007ff80fd8d000 	/System/Library/PrivateFrameworks/CoreAutoLayout.framework/Versions/A/CoreAutoLayout
0x00007ff81143b000 	/System/Library/Frameworks/Metal.framework/Versions/A/Metal
0x00007ff812354000 	/usr/lib/liblangid.dylib
0x00007ff811bd3000 	/System/Library/PrivateFrameworks/CoreSVG.framework/Versions/A/CoreSVG
0x00007ff80ca0b000 	/System/Library/PrivateFrameworks/SkyLight.framework/Versions/A/SkyLight
0x00007ff80cdfe000 	/System/Library/Frameworks/CoreGraphics.framework/Versions/A/CoreGraphics
0x00007ff81b665000 	/System/Library/Frameworks/Accelerate.framework/Versions/A/Accelerate
0x00007ff8158a5000 	/System/Library/PrivateFrameworks/IconServices.framework/Versions/A/IconServices
0x00007ff81141c000 	/System/Library/Frameworks/IOSurface.framework/Versions/A/IOSurface
0x00007ff80ef96000 	/usr/lib/libDiagnosticMessagesClient.dylib
0x00007ff813b17000 	/usr/lib/libz.1.dylib
0x00007ff81ed2c000 	/System/Library/Frameworks/ApplicationServices.framework/Versions/A/ApplicationServices
0x00007ff811bba000 	/System/Library/PrivateFrameworks/DFRFoundation.framework/Versions/A/DFRFoundation
0x00007ff80a799000 	/usr/lib/libicucore.A.dylib
0x00007ff8178fb000 	/System/Library/Frameworks/AudioToolbox.framework/Versions/A/AudioToolbox
0x00007ff816a67000 	/System/Library/PrivateFrameworks/DataDetectorsCore.framework/Versions/A/DataDetectorsCore
0x00007ff90f7ab000 	/System/Library/PrivateFrameworks/TextInput.framework/Versions/A/TextInput
0x00007ff80c974000 	/usr/lib/libMobileGestalt.dylib
0x00007ff8118c2000 	/System/Library/Frameworks/Carbon.framework/Versions/A/Frameworks/HIToolbox.framework/Versions/A/HIToolbox
0x00007ff80f717000 	/System/Library/Frameworks/QuartzCore.framework/Versions/A/QuartzCore
0x00007ff80a407000 	/System/Library/Frameworks/Security.framework/Versions/A/Security
0x00007ff81afb7000 	/System/Library/Frameworks/Carbon.framework/Versions/A/Frameworks/SpeechRecognition.framework/Versions/A/SpeechRecognition
0x00007ff80fac9000 	/System/Library/PrivateFrameworks/CoreUI.framework/Versions/A/CoreUI
0x00007ff809d55000 	/System/Library/Frameworks/CoreAudio.framework/Versions/A/CoreAudio
0x00007ff80f06f000 	/System/Library/Frameworks/DiskArbitration.framework/Versions/A/DiskArbitration
0x00007ff816256000 	/System/Library/PrivateFrameworks/MultitouchSupport.framework/Versions/A/MultitouchSupport
0x00007ff80c973000 	/usr/lib/libenergytrace.dylib
0x00007ff80adae000 	/System/Library/Frameworks/IOKit.framework/Versions/A/IOKit
0x00007ff81b3b4000 	/System/Library/Frameworks/CoreServices.framework/Versions/A/CoreServices
0x00007ff80fd22000 	/System/Library/PrivateFrameworks/PerformanceAnalysis.framework/Versions/A/PerformanceAnalysis
0x00007ffa216bc000 	/System/Library/Frameworks/OpenGL.framework/Versions/A/OpenGL
0x00007ff80fdd5000 	/usr/lib/libxml2.2.dylib
0x00007ff812fb0000 	/System/Library/PrivateFrameworks/MobileKeyBag.framework/Versions/A/MobileKeyBag
0x00007ff8079fa000 	/usr/lib/libobjc.A.dylib
0x00007ff807cc5000 	/usr/lib/libc++.1.dylib
0x00007ff80d513000 	/System/Library/Frameworks/ColorSync.framework/Versions/A/ColorSync
0x00007ff807df5000 	/System/Library/Frameworks/CoreFoundation.framework/Versions/A/CoreFoundation
0x00007ff811f20000 	/System/Library/Frameworks/CoreImage.framework/Versions/A/CoreImage
0x00007ff809b63000 	/System/Library/Frameworks/CoreText.framework/Versions/A/CoreText
0x00007ff811c0a000 	/System/Library/Frameworks/ImageIO.framework/Versions/A/ImageIO
0x00007ff813c05000 	/System/Library/PrivateFrameworks/SoftLinking.framework/Versions/A/SoftLinking
0x00007ff813e87000 	/usr/lib/libcompression.dylib
0x00007ff816995000 	/System/Library/PrivateFrameworks/TextureIO.framework/Versions/A/TextureIO
0x00007ff815565000 	/usr/lib/libate.dylib
0x00007ff813bf9000 	/usr/lib/system/libcache.dylib
0x00007ff813bb0000 	/usr/lib/system/libcommonCrypto.dylib
0x00007ff813bdd000 	/usr/lib/system/libcompiler_rt.dylib
0x00007ff813bcf000 	/usr/lib/system/libcopyfile.dylib
0x00007ff807b2e000 	/usr/lib/system/libcorecrypto.dylib
0x00007ff807bf2000 	/usr/lib/system/libdispatch.dylib
0x00007ff807d9c000 	/usr/lib/system/libdyld.dylib
0x00007ff813bef000 	/usr/lib/system/libkeymgr.dylib
0x00007ff813b8f000 	/usr/lib/system/libmacho.dylib
0x00007ff81309e000 	/usr/lib/system/libquarantine.dylib
0x00007ff813bed000 	/usr/lib/system/libremovefile.dylib
0x00007ff80c9d9000 	/usr/lib/system/libsystem_asl.dylib
0x00007ff807acf000 	/usr/lib/system/libsystem_blocks.dylib
0x00007ff807c3d000 	/usr/lib/system/libsystem_c.dylib
0x00007ff813be5000 	/usr/lib/system/libsystem_collections.dylib
0x00007ff812345000 	/usr/lib/system/libsystem_configuration.dylib
0x00007ff8113ed000 	/usr/lib/system/libsystem_containermanager.dylib
0x00007ff81384a000 	/usr/lib/system/libsystem_coreservices.dylib
0x00007ff80aa2a000 	/usr/lib/system/libsystem_darwin.dylib
0x00007ff813bf0000 	/usr/lib/system/libsystem_dnssd.dylib
0x00007ff807c3a000 	/usr/lib/system/libsystem_featureflags.dylib
0x00007ff807dca000 	/usr/lib/system/libsystem_info.dylib
0x00007ff813b2a000 	/usr/lib/system/libsystem_m.dylib
0x00007ff807bc5000 	/usr/lib/system/libsystem_malloc.dylib
0x00007ff80c95c000 	/usr/lib/system/libsystem_networkextension.dylib
0x00007ff80ae6c000 	/usr/lib/system/libsystem_notify.dylib
0x00007ff812349000 	/usr/lib/system/libsystem_sandbox.dylib
0x00007ff813bea000 	/usr/lib/system/libsystem_secinit.dylib
0x00007ff807d56000 	/usr/lib/system/libsystem_kernel.dylib
0x00007ff807dc0000 	/usr/lib/system/libsystem_platform.dylib
0x00007ff807d90000 	/usr/lib/system/libsystem_pthread.dylib
0x00007ff80e32d000 	/usr/lib/system/libsystem_symptoms.dylib
0x00007ff807b14000 	/usr/lib/system/libsystem_trace.dylib
0x00007ff813bbc000 	/usr/lib/system/libunwind.dylib
0x00007ff807ad3000 	/usr/lib/system/libxpc.dylib
0x00007ff807d41000 	/usr/lib/libc++abi.dylib
0x00007ff813bc7000 	/usr/lib/liboah.dylib
0x00007ff815312000 	/usr/lib/liblzma.5.dylib
0x00007ff813c01000 	/usr/lib/libfakelink.dylib
0x00007ff80c5bc000 	/System/Library/Frameworks/CFNetwork.framework/Versions/A/CFNetwork
0x00007ff813d3e000 	/usr/lib/libarchive.2.dylib
0x00007ff81924d000 	/System/Library/Frameworks/Combine.framework/Versions/A/Combine
0x00007ff817397000 	/usr/lib/swift/libswiftCore.dylib
0x00007ff90c776000 	/usr/lib/swift/libswiftCoreFoundation.dylib
0x00007ff90a839000 	/usr/lib/swift/libswiftDarwin.dylib
0x00007ff81cc06000 	/usr/lib/swift/libswiftDispatch.dylib
0x00007ff90c792000 	/usr/lib/swift/libswiftIOKit.dylib
0x00007ff81f16b000 	/usr/lib/swift/libswiftObjectiveC.dylib
0x00007ff90c787000 	/usr/lib/swift/libswiftXPC.dylib
0x00007ffc0d162000 	/usr/lib/swift/libswift_Concurrency.dylib
0x00007ffc0d29f000 	/usr/lib/swift/libswift_StringProcessing.dylib
0x00007ff81f16f000 	/usr/lib/swift/libswiftos.dylib
0x00007ff80ad31000 	/System/Library/PrivateFrameworks/CoreServicesInternal.framework/Versions/A/CoreServicesInternal
0x00007ff8130c5000 	/usr/lib/libbsm.0.dylib
0x00007ff813b94000 	/usr/lib/system/libkxld.dylib
0x00007ff80fd56000 	/System/Library/Frameworks/CoreServices.framework/Versions/A/Frameworks/FSEvents.framework/Versions/A/FSEvents
0x00007ff80aa35000 	/System/Library/Frameworks/CoreServices.framework/Versions/A/Frameworks/CarbonCore.framework/Versions/A/CarbonCore
0x00007ff80efd9000 	/System/Library/Frameworks/CoreServices.framework/Versions/A/Frameworks/Metadata.framework/Versions/A/Metadata
0x00007ff813850000 	/System/Library/Frameworks/CoreServices.framework/Versions/A/Frameworks/OSServices.framework/Versions/A/OSServices
0x00007ff813dc6000 	/System/Library/Frameworks/CoreServices.framework/Versions/A/Frameworks/SearchKit.framework/Versions/A/SearchKit
0x00007ff80e2b1000 	/System/Library/Frameworks/CoreServices.framework/Versions/A/Frameworks/AE.framework/Versions/A/AE
0x00007ff808292000 	/System/Library/Frameworks/CoreServices.framework/Versions/A/Frameworks/LaunchServices.framework/Versions/A/LaunchServices
0x00007ff8152c3000 	/System/Library/Frameworks/CoreServices.framework/Versions/A/Frameworks/DictionaryServices.framework/Versions/A/DictionaryServices
0x00007ff80fd63000 	/System/Library/Frameworks/CoreServices.framework/Versions/A/Frameworks/SharedFileList.framework/Versions/A/SharedFileList
0x00007ff813e50000 	/usr/lib/libapple_nghttp2.dylib
0x00007ff80c5b8000 	/usr/lib/libnetwork.dylib
0x00007ff80df5c000 	/usr/lib/libsqlite3.dylib
0x00007ff80e335000 	/System/Library/Frameworks/Network.framework/Versions/A/Network
0x00007ffc0c0ce000 	/usr/lib/libCoreEntitlements.dylib
0x00007ffb17e42000 	/System/Library/PrivateFrameworks/MessageSecurity.framework/Versions/A/MessageSecurity
0x00007ff80df43000 	/System/Library/PrivateFrameworks/ProtocolBuffer.framework/Versions/A/ProtocolBuffer
0x00007ff81376c000 	/System/Library/PrivateFrameworks/AppleFSCompression.framework/Versions/A/AppleFSCompression
0x00007ff8130ad000 	/usr/lib/libcoretls.dylib
0x00007ff81532b000 	/usr/lib/libcoretls_cfhelpers.dylib
0x00007ff813e81000 	/usr/lib/libpam.2.dylib
0x00007ff81539e000 	/usr/lib/libxar.1.dylib
0x00007ff815881000 	/usr/lib/libheimdal-asn1.dylib
0x00007ff813c06000 	/usr/lib/libpcap.A.dylib
0x00007ff80e324000 	/usr/lib/libdns_services.dylib
0x00007ff812350000 	/System/Library/PrivateFrameworks/AppleSystemInfo.framework/Versions/A/AppleSystemInfo
0x00007ff812db7000 	/System/Library/PrivateFrameworks/IOMobileFramebuffer.framework/Versions/A/IOMobileFramebuffer
0x00007ff81383b000 	/usr/lib/libbz2.1.0.dylib
0x00007ff8130a1000 	/usr/lib/libCheckFix.dylib
0x00007ff80c9f0000 	/System/Library/PrivateFrameworks/TCC.framework/Versions/A/TCC
0x00007ff812356000 	/System/Library/PrivateFrameworks/CoreNLP.framework/Versions/A/CoreNLP
0x00007ff80ef98000 	/System/Library/PrivateFrameworks/MetadataUtilities.framework/Versions/A/MetadataUtilities
0x00007ff8130d6000 	/usr/lib/libmecab.dylib
0x00007ff808a0c000 	/usr/lib/libCRFSuite.dylib
0x00007ff81312f000 	/usr/lib/libgermantok.dylib
0x00007ff813e2c000 	/usr/lib/libThaiTokenizer.dylib
0x00007ff80f077000 	/System/Library/Frameworks/Accelerate.framework/Versions/A/Frameworks/vImage.framework/Versions/A/vImage
0x00007ff81b387000 	/System/Library/Frameworks/Accelerate.framework/Versions/A/Frameworks/vecLib.framework/Versions/A/vecLib
0x00007ff8153e0000 	/System/Library/Frameworks/Accelerate.framework/Versions/A/Frameworks/vecLib.framework/Versions/A/libvMisc.dylib
0x00007ff812bcc000 	/System/Library/Frameworks/Accelerate.framework/Versions/A/Frameworks/vecLib.framework/Versions/A/libvDSP.dylib
0x00007ff808650000 	/System/Library/Frameworks/Accelerate.framework/Versions/A/Frameworks/vecLib.framework/Versions/A/libBLAS.dylib
0x00007ff813f65000 	/System/Library/Frameworks/Accelerate.framework/Versions/A/Frameworks/vecLib.framework/Versions/A/libLAPACK.dylib
0x00007ff813132000 	/System/Library/Frameworks/Accelerate.framework/Versions/A/Frameworks/vecLib.framework/Versions/A/libLinearAlgebra.dylib
0x00007ff813e6b000 	/System/Library/Frameworks/Accelerate.framework/Versions/A/Frameworks/vecLib.framework/Versions/A/libSparseBLAS.dylib
0x00007ff813f5f000 	/System/Library/Frameworks/Accelerate.framework/Versions/A/Frameworks/vecLib.framework/Versions/A/libQuadrature.dylib
0x00007ff81243c000 	/System/Library/Frameworks/Accelerate.framework/Versions/A/Frameworks/vecLib.framework/Versions/A/libBNNS.dylib
0x00007ff808915000 	/System/Library/Frameworks/Accelerate.framework/Versions/A/Frameworks/vecLib.framework/Versions/A/libSparse.dylib
0x00007ffb1707c000 	/System/Library/PrivateFrameworks/MIL.framework/Versions/A/MIL
0x00007ff813c3b000 	/usr/lib/libiconv.2.dylib
0x00007ff813b8e000 	/usr/lib/libcharset.1.dylib
0x00007ff80fd3a000 	/System/Library/Frameworks/OpenDirectory.framework/Versions/A/Frameworks/CFOpenDirectory.framework/Versions/A/CFOpenDirectory
0x00007ff80fd2e000 	/System/Library/Frameworks/OpenDirectory.framework/Versions/A/OpenDirectory
0x00007ff81532d000 	/System/Library/PrivateFrameworks/APFS.framework/Versions/A/APFS
0x00007ff812fe3000 	/System/Library/Frameworks/SecurityFoundation.framework/Versions/A/SecurityFoundation
0x00007ff8153ac000 	/usr/lib/libutil.dylib
0x00007ffb15ff3000 	/System/Library/PrivateFrameworks/InstalledContentLibrary.framework/Versions/A/InstalledContentLibrary
0x00007ff80ad71000 	/System/Library/PrivateFrameworks/CoreServicesStore.framework/Versions/A/CoreServicesStore
0x00007ffb0cf41000 	/System/Library/PrivateFrameworks/AppleMobileFileIntegrity.framework/Versions/A/AppleMobileFileIntegrity
0x00007ff90c758000 	/usr/lib/libmis.dylib
0x00007ff91b02d000 	/System/Library/PrivateFrameworks/MobileSystemServices.framework/Versions/A/MobileSystemServices
0x00007ffa16d5b000 	/System/Library/PrivateFrameworks/ConfigProfileHelper.framework/Versions/A/ConfigProfileHelper
0x00007ff813e2e000 	/System/Library/PrivateFrameworks/AppleSauce.framework/Versions/A/AppleSauce
0x00007ff809626000 	/System/Library/PrivateFrameworks/LanguageModeling.framework/Versions/A/LanguageModeling
0x00007ff8153b0000 	/usr/lib/libxslt.1.dylib
0x00007ff813d2d000 	/usr/lib/libcmph.dylib
0x00007ff812da4000 	/System/Library/PrivateFrameworks/CoreEmoji.framework/Versions/A/CoreEmoji
0x00007ff812437000 	/System/Library/PrivateFrameworks/LinguisticData.framework/Versions/A/LinguisticData
0x00007ff8088cc000 	/System/Library/PrivateFrameworks/Lexicon.framework/Versions/A/Lexicon
0x00007ff813071000 	/System/Library/PrivateFrameworks/BackgroundTaskManagement.framework/Versions/A/BackgroundTaskManagement
0x00007ffc0c210000 	/usr/lib/libTLE.dylib
0x00007ffc0d1e8000 	/usr/lib/swift/libswift_RegexParser.dylib
0x00007ff81611a000 	/System/Library/PrivateFrameworks/AppleJPEG.framework/Versions/A/AppleJPEG
0x00007ff815866000 	/usr/lib/libexpat.1.dylib
0x00007ff8167f0000 	/System/Library/Frameworks/ImageIO.framework/Versions/A/Resources/libPng.dylib
0x00007ff81681d000 	/System/Library/Frameworks/ImageIO.framework/Versions/A/Resources/libTIFF.dylib
0x00007ff81690f000 	/System/Library/Frameworks/ImageIO.framework/Versions/A/Resources/libGIF.dylib
0x00007ff816165000 	/System/Library/Frameworks/ImageIO.framework/Versions/A/Resources/libJP2.dylib
0x00007ff8168af000 	/System/Library/Frameworks/ImageIO.framework/Versions/A/Resources/libJPEG.dylib
0x00007ff8168a6000 	/System/Library/Frameworks/ImageIO.framework/Versions/A/Resources/libRadiance.dylib
0x00007ff81175b000 	/System/Library/PrivateFrameworks/FontServices.framework/libFontParser.dylib
0x00007ff80e256000 	/System/Library/PrivateFrameworks/RunningBoardServices.framework/Versions/A/RunningBoardServices
0x00007ff821719000 	/System/Library/PrivateFrameworks/IOSurfaceAccelerator.framework/Versions/A/IOSurfaceAccelerator
0x00007ff816252000 	/System/Library/PrivateFrameworks/WatchdogClient.framework/Versions/A/WatchdogClient
0x00007ff80978c000 	/System/Library/Frameworks/CoreDisplay.framework/Versions/A/CoreDisplay
0x00007ff81164a000 	/System/Library/Frameworks/CoreMedia.framework/Versions/A/CoreMedia
0x00007ff811432000 	/System/Library/PrivateFrameworks/IOAccelerator.framework/Versions/A/IOAccelerator
0x00007ff80feb4000 	/System/Library/Frameworks/CoreVideo.framework/Versions/A/CoreVideo
0x00007ff813e7f000 	/System/Library/Frameworks/MetalPerformanceShaders.framework/Versions/A/MetalPerformanceShaders
0x00007ff816291000 	/System/Library/Frameworks/VideoToolbox.framework/Versions/A/VideoToolbox
0x00007ff80e194000 	/System/Library/PrivateFrameworks/BaseBoard.framework/Versions/A/BaseBoard
0x00007ff81689f000 	/System/Library/PrivateFrameworks/GPUWrangler.framework/Versions/A/GPUWrangler
0x00007ff816883000 	/System/Library/PrivateFrameworks/IOPresentment.framework/Versions/A/IOPresentment
0x00007ff8168a9000 	/System/Library/PrivateFrameworks/DSExternalDisplay.framework/Versions/A/DSExternalDisplay
0x00007ffb124c6000 	/System/Library/PrivateFrameworks/GPUCompiler.framework/Versions/31001/Libraries/libllvm-flatbuffers.dylib
0x00007ffa216b0000 	/System/Library/Frameworks/OpenGL.framework/Versions/A/Libraries/libCoreFSCache.dylib
0x00007ffb124c2000 	/System/Library/PrivateFrameworks/GPUCompiler.framework/Versions/31001/Libraries/libGPUCompilerUtils.dylib
0x00007ff816915000 	/System/Library/PrivateFrameworks/CMCaptureCore.framework/Versions/A/CMCaptureCore
0x00007ffa27196000 	/System/Library/Frameworks/ExtensionFoundation.framework/Versions/A/ExtensionFoundation
0x00007ff81d39e000 	/System/Library/PrivateFrameworks/CoreTime.framework/Versions/A/CoreTime
0x00007ff815e1f000 	/System/Library/PrivateFrameworks/AppServerSupport.framework/Versions/A/AppServerSupport
0x00007ff8181b1000 	/System/Library/PrivateFrameworks/perfdata.framework/Versions/A/perfdata
0x00007ff8098b8000 	/System/Library/PrivateFrameworks/AudioToolboxCore.framework/Versions/A/AudioToolboxCore
0x00007ff811625000 	/System/Library/PrivateFrameworks/caulk.framework/Versions/A/caulk
0x00007ff817a8c000 	/usr/lib/libAudioStatistics.dylib
0x00007ff90bbf9000 	/System/Library/PrivateFrameworks/SystemPolicy.framework/Versions/A/SystemPolicy
0x00007ff817d27000 	/usr/lib/libSMC.dylib
0x00007ff820f0a000 	/System/Library/Frameworks/CoreMIDI.framework/Versions/A/CoreMIDI
0x00007ff8167be000 	/usr/lib/libAudioToolboxUtility.dylib
0x00007ff826894000 	/System/Library/PrivateFrameworks/OSAServicesClient.framework/Versions/A/OSAServicesClient
0x00007ff8181be000 	/usr/lib/libperfcheck.dylib
0x00007ff815746000 	/System/Library/PrivateFrameworks/PlugInKit.framework/Versions/A/PlugInKit
0x00007ff812fd6000 	/System/Library/PrivateFrameworks/AssertionServices.framework/Versions/A/AssertionServices
0x00007ffa2170d000 	/System/Library/Frameworks/OpenGL.framework/Versions/A/Libraries/libGLU.dylib
0x00007ffa216cf000 	/System/Library/Frameworks/OpenGL.framework/Versions/A/Libraries/libGFXShared.dylib
0x00007ffa218ce000 	/System/Library/Frameworks/OpenGL.framework/Versions/A/Libraries/libGL.dylib
0x00007ffa216d8000 	/System/Library/Frameworks/OpenGL.framework/Versions/A/Libraries/libGLImage.dylib
0x00007ffa216cc000 	/System/Library/Frameworks/OpenGL.framework/Versions/A/Libraries/libCVMSPluginSupport.dylib
0x00007ffc0c1ef000 	/usr/lib/libRosetta.dylib
0x00007ffa216b7000 	/System/Library/Frameworks/OpenGL.framework/Versions/A/Libraries/libCoreVMClient.dylib
0x00007ff8122c5000 	/System/Library/Frameworks/MetalPerformanceShaders.framework/Versions/A/Frameworks/MPSCore.framework/Versions/A/MPSCore
0x00007ff8136d6000 	/System/Library/Frameworks/MetalPerformanceShaders.framework/Versions/A/Frameworks/MPSImage.framework/Versions/A/MPSImage
0x00007ff813148000 	/System/Library/Frameworks/MetalPerformanceShaders.framework/Versions/A/Frameworks/MPSNeuralNetwork.framework/Versions/A/MPSNeuralNetwork
0x00007ff8135b9000 	/System/Library/Frameworks/MetalPerformanceShaders.framework/Versions/A/Frameworks/MPSMatrix.framework/Versions/A/MPSMatrix
0x00007ff813375000 	/System/Library/Frameworks/MetalPerformanceShaders.framework/Versions/A/Frameworks/MPSRayIntersector.framework/Versions/A/MPSRayIntersector
0x00007ff8135f5000 	/System/Library/Frameworks/MetalPerformanceShaders.framework/Versions/A/Frameworks/MPSNDArray.framework/Versions/A/MPSNDArray
0x00007ffb0874e000 	/System/Library/Frameworks/MetalPerformanceShaders.framework/Versions/A/Frameworks/MPSFunctions.framework/Versions/A/MPSFunctions
0x00007ff808510000 	/System/Library/PrivateFrameworks/MetalTools.framework/Versions/A/MetalTools
0x00007ff81234f000 	/System/Library/PrivateFrameworks/AggregateDictionary.framework/Versions/A/AggregateDictionary
0x00007ff8155fc000 	/usr/lib/libIOReport.dylib
0x00007ffb1a977000 	/System/Library/PrivateFrameworks/PhotosensitivityProcessing.framework/Versions/A/PhotosensitivityProcessing
0x00007ffa22cbf000 	/System/Library/Frameworks/OpenCL.framework/Versions/A/OpenCL
0x00007ff8159ae000 	/System/Library/PrivateFrameworks/GraphVisualizer.framework/Versions/A/GraphVisualizer
0x00007ffb123db000 	/System/Library/PrivateFrameworks/FontServices.framework/Versions/A/FontServices
0x00007ff815dda000 	/System/Library/PrivateFrameworks/OTSVG.framework/Versions/A/OTSVG
0x00007ff80fa7d000 	/System/Library/Frameworks/ApplicationServices.framework/Versions/A/Frameworks/ATS.framework/Versions/A/Resources/libFontRegistry.dylib
0x00007ff815e29000 	/System/Library/PrivateFrameworks/FontServices.framework/libhvf.dylib
0x00007ffb123dc000 	/System/Library/PrivateFrameworks/FontServices.framework/libXTFontStaticRegistryData.dylib
0x00007ff91762a000 	/usr/lib/swift/libswiftMetal.dylib
0x00007ff90f70c000 	/usr/lib/swift/libswiftsimd.dylib
0x00007ffb2405d000 	/System/Library/PrivateFrameworks/VideoToolboxParavirtualizationSupport.framework/Versions/A/VideoToolboxParavirtualizationSupport
0x00007ff815816000 	/System/Library/PrivateFrameworks/AppleVA.framework/Versions/A/AppleVA
0x00007ff817acc000 	/System/Library/Frameworks/ApplicationServices.framework/Versions/A/Frameworks/ATS.framework/Versions/A/ATS
0x00007ff80d603000 	/System/Library/Frameworks/ApplicationServices.framework/Versions/A/Frameworks/HIServices.framework/Versions/A/HIServices
0x00007ff816921000 	/System/Library/Frameworks/ApplicationServices.framework/Versions/A/Frameworks/PrintCore.framework/Versions/A/PrintCore
0x00007ff817e7d000 	/System/Library/Frameworks/ApplicationServices.framework/Versions/A/Frameworks/QD.framework/Versions/A/QD
0x00007ff817e75000 	/System/Library/Frameworks/ApplicationServices.framework/Versions/A/Frameworks/ColorSyncLegacy.framework/Versions/A/ColorSyncLegacy
0x00007ff817aa0000 	/System/Library/Frameworks/ApplicationServices.framework/Versions/A/Frameworks/SpeechSynthesis.framework/Versions/A/SpeechSynthesis
0x00007ff8168df000 	/System/Library/Frameworks/ApplicationServices.framework/Versions/A/Frameworks/ATSUI.framework/Versions/A/ATSUI
0x00007ff817e07000 	/usr/lib/libcups.2.dylib
0x00007ff8181cd000 	/System/Library/Frameworks/Kerberos.framework/Versions/A/Kerberos
0x00007ff8181dc000 	/System/Library/Frameworks/GSS.framework/Versions/A/GSS
0x00007ff817b3a000 	/usr/lib/libresolv.9.dylib
0x00007ff815e39000 	/System/Library/PrivateFrameworks/Heimdal.framework/Versions/A/Heimdal
0x00007ff81f0ed000 	/System/Library/Frameworks/Kerberos.framework/Versions/A/Libraries/libHeimdalProxy.dylib
0x00007ff818227000 	/System/Library/PrivateFrameworks/CommonAuth.framework/Versions/A/CommonAuth
0x00007ffa26445000 	/System/Library/Frameworks/AVFAudio.framework/Versions/A/AVFAudio
0x00007ff8268dd000 	/System/Library/PrivateFrameworks/AXCoreUtilities.framework/Versions/A/AXCoreUtilities
0x00007ff817a1e000 	/System/Library/PrivateFrameworks/AudioSession.framework/Versions/A/AudioSession
0x00007ff81901f000 	/System/Library/Frameworks/IOBluetooth.framework/Versions/A/IOBluetooth
0x00007ff81591c000 	/System/Library/PrivateFrameworks/MediaExperience.framework/Versions/A/MediaExperience
0x00007ff8178c8000 	/System/Library/PrivateFrameworks/AudioSession.framework/libSessionUtility.dylib
0x00007ff817e89000 	/System/Library/PrivateFrameworks/AudioResourceArbitration.framework/Versions/A/AudioResourceArbitration
0x00007ff81bfb1000 	/System/Library/PrivateFrameworks/PowerLog.framework/Versions/A/PowerLog
0x00007ff81beef000 	/System/Library/Frameworks/CoreBluetooth.framework/Versions/A/CoreBluetooth
0x00007ff81f0ee000 	/System/Library/Frameworks/AudioUnit.framework/Versions/A/AudioUnit
0x00007ff812e40000 	/System/Library/PrivateFrameworks/CoreUtils.framework/Versions/A/CoreUtils
0x00007ffb10ea9000 	/System/Library/PrivateFrameworks/CoreUtilsExtras.framework/Versions/A/CoreUtilsExtras
0x00007ffb15e82000 	/System/Library/PrivateFrameworks/IO80211.framework/Versions/A/IO80211
0x00007ff81588a000 	/System/Library/PrivateFrameworks/IconFoundation.framework/Versions/A/IconFoundation
0x00007ff81afa7000 	/System/Library/PrivateFrameworks/SpeechRecognitionCore.framework/Versions/A/SpeechRecognitionCore
0x0000000101dff000 	/Library/Java/JavaVirtualMachines/openlogic-openjdk-11.jre/Contents/Home/lib/server/libjvm.dylib
0x000000010110f000 	/Library/Java/JavaVirtualMachines/openlogic-openjdk-11.jre/Contents/Home/lib/libverify.dylib
0x000000010114c000 	/Library/Java/JavaVirtualMachines/openlogic-openjdk-11.jre/Contents/Home/lib/libjava.dylib
0x0000000101120000 	/Library/Java/JavaVirtualMachines/openlogic-openjdk-11.jre/Contents/Home/lib/libjimage.dylib
0x00000001011b4000 	/Library/Java/JavaVirtualMachines/openlogic-openjdk-11.jre/Contents/Home/lib/libjdwp.dylib
0x000000010113c000 	/Library/Java/JavaVirtualMachines/openlogic-openjdk-11.jre/Contents/Home/lib/libinstrument.dylib
0x0000000101178000 	/Library/Java/JavaVirtualMachines/openlogic-openjdk-11.jre/Contents/Home/lib/libzip.dylib
0x0000000101193000 	/Library/Java/JavaVirtualMachines/openlogic-openjdk-11.jre/Contents/Home/lib/libdt_socket.dylib
0x0000000101d4c000 	/Library/Java/JavaVirtualMachines/openlogic-openjdk-11.jre/Contents/Home/lib/libnio.dylib
0x0000000101d78000 	/Library/Java/JavaVirtualMachines/openlogic-openjdk-11.jre/Contents/Home/lib/libnet.dylib
0x000000010119d000 	/Library/Java/JavaVirtualMachines/openlogic-openjdk-11.jre/Contents/Home/lib/libextnet.dylib
0x00000001011a4000 	/Library/Java/JavaVirtualMachines/openlogic-openjdk-11.jre/Contents/Home/lib/libmanagement.dylib
0x0000000101d6a000 	/Library/Java/JavaVirtualMachines/openlogic-openjdk-11.jre/Contents/Home/lib/libmanagement_ext.dylib
0x0000000101dbb000 	/Library/Java/JavaVirtualMachines/openlogic-openjdk-11.jre/Contents/Home/lib/libsunec.dylib


VM Arguments:
jvm_args: -agentlib:jdwp=transport=dt_socket,suspend=y,address=localhost:58239 -ea -javaagent:/Applications/AnypointStudio 2.app/Contents/Eclipse/configuration/org.eclipse.osgi/232/0/.cp/lib/javaagent-shaded.jar -Dfile.encoding=UTF-8 
java_command: org.eclipse.jdt.internal.junit.runner.RemoteTestRunner -version 3 -port 58238 -testLoaderClass org.eclipse.jdt.internal.junit4.runner.JUnit4TestLoader -loaderpluginname org.eclipse.jdt.junit4.runtime -testNameFile /var/folders/f4/nqfvj5dj0h3150ndvmdv717r0000gp/T/testNames8561679211377840043.txt
java_class_path (initial): /Users/sameer.shaik/My_WorkSpace/WorkSpace/MuleSoft-Connector-WorSpace/Git_MuleConnector_11Oct2023/conjur-mulesoft-connector-ConjurMuleConnector/target/test-classes:/Users/sameer.shaik/My_WorkSpace/WorkSpace/MuleSoft-Connector-WorSpace/Git_MuleConnector_11Oct2023/conjur-mulesoft-connector-ConjurMuleConnector/target/classes:/Users/sameer.shaik/.m2/repository/org/mule/runtime/mule-metadata-model-api/1.1.1/mule-metadata-model-api-1.1.1.jar:/Users/sameer.shaik/.m2/repository/org/mockito/mockito-inline/3.11.2/mockito-inline-3.11.2.jar:/Users/sameer.shaik/.m2/repository/javax/transaction/javax.transaction-api/1.2/javax.transaction-api-1.2.jar:/Users/sameer.shaik/.m2/repository/org/mule/runtime/mule-module-extensions-soap-support/4.1.1/mule-module-extensions-soap-support-4.1.1.jar:/Users/sameer.shaik/.m2/repository/org/mule/weave/yaml-module/2.1.2/yaml-module-2.1.2.jar:/Users/sameer.shaik/.m2/repository/org/codehaus/plexus/plexus-interpolation/1.21/plexus-interpolation-1.21.jar:/Users/sameer.shaik/.m2/repository/org/apache/commons/commons-lang3/3.12.0/commons-lang3-3.12.0.jar:/Users/sameer.shaik/.m2/repository/org/reflections/reflections/0.9.10/reflections-0.9.10.jar:/Users/sameer.shaik/.m2/repository/javax/jms/javax.jms-api/2.0.1/javax.jms-api-2.0.1.jar:/Users/sameer.shaik/.m2/repository/commons-pool/commons-pool/1.6/commons-pool-1.6.jar:/Users/sameer.shaik/.m2/repository/com/github/stephenc/eaio-uuid/uuid/3.4.0/uuid-3.4.0.jar:/Users/sameer.shaik/.m2/repository/io/projectreactor/addons/reactor-extra/3.1.2.RELEASE/reactor-extra-3.1.2.RELEASE.jar:/Users/sameer.shaik/.m2/repository/org/jetbrains/kotlin/kotlin-stdlib-jdk7/1.6.10/kotlin-stdlib-jdk7-1.6.10.jar:/Users/sameer.shaik/.m2/repository/org/mule/runtime/mule-module-policy-api/1.1.1/mule-module-policy-api-1.1.1.jar:/Users/sameer.shaik/.m2/repository/org/mule/tests/mule-tests-functional/4.1.1/mule-tests-functional-4.1.1.jar:/Users/sameer.shaik/.m2/repository/jaxen/jaxen/1.1.1/jaxen-1.1.1.jar:/
Launcher Type: SUN_STANDARD

[Global flags]
     intx CICompilerCount                          = 12                                        {product} {ergonomic}
     uint ConcGCThreads                            = 3                                         {product} {ergonomic}
     uint G1ConcRefinementThreads                  = 13                                        {product} {ergonomic}
   size_t G1HeapRegionSize                         = 2097152                                   {product} {ergonomic}
    uintx GCDrainStackTargetSize                   = 64                                        {product} {ergonomic}
   size_t InitialHeapSize                          = 536870912                                 {product} {ergonomic}
   size_t MarkStackSize                            = 4194304                                   {product} {ergonomic}
   size_t MaxHeapSize                              = 8589934592                                {product} {ergonomic}
   size_t MaxNewSize                               = 5152702464                                {product} {ergonomic}
   size_t MinHeapDeltaBytes                        = 2097152                                   {product} {ergonomic}
    uintx NonNMethodCodeHeapSize                   = 7594288                                {pd product} {ergonomic}
    uintx NonProfiledCodeHeapSize                  = 122031976                              {pd product} {ergonomic}
    uintx ProfiledCodeHeapSize                     = 122031976                              {pd product} {ergonomic}
    uintx ReservedCodeCacheSize                    = 251658240                              {pd product} {ergonomic}
     bool SegmentedCodeCache                       = true                                      {product} {ergonomic}
     bool UseCompressedClassPointers               = true                                 {lp64_product} {ergonomic}
     bool UseCompressedOops                        = true                                 {lp64_product} {ergonomic}
     bool UseG1GC                                  = true                                      {product} {ergonomic}

Logging:
Log output configuration:
 #0: stdout all=warning uptime,level,tags
 #1: stderr all=off uptime,level,tags

Environment Variables:
PATH=/usr/bin:/bin:/usr/sbin:/sbin
SHELL=/bin/zsh
TMPDIR=/var/folders/f4/nqfvj5dj0h3150ndvmdv717r0000gp/T/

Signal Handlers:
SIGSEGV: [libjvm.dylib+0x763b3e], sa_mask[0]=11111111011111110111111111111111, sa_flags=SA_ONSTACK|SA_RESTART|SA_SIGINFO
SIGBUS: [libjvm.dylib+0x763b3e], sa_mask[0]=11111111011111110111111111111111, sa_flags=SA_RESTART|SA_SIGINFO
SIGFPE: [libjvm.dylib+0x763b3e], sa_mask[0]=11111111011111110111111111111111, sa_flags=SA_RESTART|SA_SIGINFO
SIGPIPE: [libjvm.dylib+0x61ff96], sa_mask[0]=11111111011111110111111111111111, sa_flags=SA_RESTART|SA_SIGINFO
SIGXFSZ: [libjvm.dylib+0x61ff96], sa_mask[0]=11111111011111110111111111111111, sa_flags=SA_RESTART|SA_SIGINFO
SIGILL: [libjvm.dylib+0x763b3e], sa_mask[0]=11111111011111110111111111111111, sa_flags=SA_RESTART|SA_SIGINFO
SIGUSR2: [libjvm.dylib+0x62057f], sa_mask[0]=00100000000000000000000000000000, sa_flags=SA_RESTART|SA_SIGINFO
SIGHUP: [libjvm.dylib+0x61f0c9], sa_mask[0]=11111111011111110111111111111111, sa_flags=SA_RESTART|SA_SIGINFO
SIGINT: [libjvm.dylib+0x61f0c9], sa_mask[0]=11111111011111110111111111111111, sa_flags=SA_RESTART|SA_SIGINFO
SIGTERM: [libjvm.dylib+0x61f0c9], sa_mask[0]=11111111011111110111111111111111, sa_flags=SA_RESTART|SA_SIGINFO
SIGQUIT: [libjvm.dylib+0x61f0c9], sa_mask[0]=11111111011111110111111111111111, sa_flags=SA_RESTART|SA_SIGINFO


---------------  S Y S T E M  ---------------

OS:uname:Darwin 22.6.0 Darwin Kernel Version 22.6.0: Wed Jul  5 22:21:56 PDT 2023; root:xnu-8796.141.3~6/RELEASE_X86_64 x86_64
OS uptime: 0 days 3:02 hours
rlimit (soft/hard): STACK 8192k/65532k , CORE 0k/infinity , NPROC 5568/8352 , NOFILE 10240/infinity , AS infinity/infinity , CPU infinity/infinity , DATA infinity/infinity , FSIZE infinity/infinity , MEMLOCK infinity/infinity , RSS infinity/infinity
load average:1.93 2.05 2.28

CPU:total 16 (initial active 16) (8 cores per cpu, 2 threads per core) family 6 model 158 stepping 13 microcode 0xfa, cmov, cx8, fxsr, mmx, sse, sse2, sse3, ssse3, sse4.1, sse4.2, popcnt, avx, avx2, aes, clmul, erms, 3dnowpref, lzcnt, ht, tsc, tscinvbit, bmi1, bmi2, adx, fma

Memory: 4k page, physical 33554432k(87868k free), swap 0k(0k free)

vm_info: OpenJDK 64-Bit Server VM (11.0.19+7-adhoc.admin.jdk11u) for bsd-amd64 JRE (11.0.19+7-adhoc.admin.jdk11u), built on Apr 20 2023 06:48:10 by "admin" with clang 4.2.1 Compatible Apple LLVM 10.0.0 (clang-1000.11.45.5)

END.
